#
# There is insufficient memory for the Java Runtime Environment to continue.
# Native memory allocation (malloc) failed to allocate 1443856 bytes for Chunk::new
# Possible reasons:
#   The system is out of physical RAM or swap space
#   The process is running with CompressedOops enabled, and the Java Heap may be blocking the growth of the native heap
# Possible solutions:
#   Reduce memory load on the system
#   Increase physical memory or swap space
#   Check if swap backing store is full
#   Decrease Java heap size (-Xmx/-Xms)
#   Decrease number of Java threads
#   Decrease Java thread stack sizes (-Xss)
#   Set larger code cache with -XX:ReservedCodeCacheSize=
#   JVM is running with Unscaled Compressed Oops mode in which the Java heap is
#     placed in the first 4GB address space. The Java Heap base address is the
#     maximum limit for the native heap growth. Please use -XX:HeapBaseMinAddress
#     to set the Java Heap base and to place the Java Heap above 4GB virtual address.
# This output file may be truncated or incomplete.
#
#  Out of Memory Error (arena.cpp:166), pid=8164, tid=13708
#
# JRE version: OpenJDK Runtime Environment Corretto-21.0.0.35.1 (21.0+35) (build 21+35-LTS)
# Java VM: OpenJDK 64-Bit Server VM Corretto-21.0.0.35.1 (21+35-LTS, mixed mode, sharing, tiered, compressed oops, compressed class ptrs, g1 gc, windows-amd64)
# No core dump will be written. Minidumps are not enabled by default on client versions of Windows
#

---------------  S U M M A R Y ------------

Command Line: --add-opens=java.base/java.util=ALL-UNNAMED --add-opens=java.base/java.lang=ALL-UNNAMED --add-opens=java.base/java.lang.invoke=ALL-UNNAMED --add-opens=java.prefs/java.util.prefs=ALL-UNNAMED --add-opens=java.base/java.nio.charset=ALL-UNNAMED --add-opens=java.base/java.net=ALL-UNNAMED --add-opens=java.base/java.util.concurrent.atomic=ALL-UNNAMED -XX:MaxMetaspaceSize=384m -XX:+HeapDumpOnOutOfMemoryError -Xms256m -Xmx512m -Dfile.encoding=windows-1252 -Duser.country=US -Duser.language=en -Duser.variant -javaagent:C:\Users\DELL\.gradle\wrapper\dists\gradle-8.5-bin\5t9huq95ubn472n8rpzujfbqh\gradle-8.5\lib\agents\gradle-instrumentation-agent-8.5.jar org.gradle.launcher.daemon.bootstrap.GradleDaemon 8.5

Host: Intel(R) Core(TM) i5-5300U CPU @ 2.30GHz, 4 cores, 7G,  Windows 10 , 64 bit Build 19041 (10.0.19041.1889)
Time: Tue Jan 16 09:44:39 2024 SE Asia Standard Time elapsed time: 5285.787078 seconds (0d 1h 28m 5s)

---------------  T H R E A D  ---------------

Current thread (0x000001d63a84b860):  JavaThread "C2 CompilerThread0" daemon [_thread_in_native, id=13708, stack(0x000000cc24300000,0x000000cc24400000) (1024K)]


Current CompileTask:
C2:5285787 25928       4       java.lang.reflect.Method::toGenericString (12 bytes)

Stack: [0x000000cc24300000,0x000000cc24400000]
Native frames: (J=compiled Java code, j=interpreted, Vv=VM code, C=native code)
V  [jvm.dll+0x6d2ba9]
V  [jvm.dll+0x8adb43]
V  [jvm.dll+0x8afdbe]
V  [jvm.dll+0x8b0493]
V  [jvm.dll+0x284a56]
V  [jvm.dll+0xc5f6d]
V  [jvm.dll+0xc6483]
V  [jvm.dll+0x3bba31]
V  [jvm.dll+0x388397]
V  [jvm.dll+0x38780a]
V  [jvm.dll+0x24d032]
V  [jvm.dll+0x24c601]
V  [jvm.dll+0x1cc0f1]
V  [jvm.dll+0x25bbc9]
V  [jvm.dll+0x25a1bb]
V  [jvm.dll+0x3f5a66]
V  [jvm.dll+0x8568d8]
V  [jvm.dll+0x6d13ed]
C  [ucrtbase.dll+0x21bb2]
C  [KERNEL32.DLL+0x17034]
C  [ntdll.dll+0x526a1]


---------------  P R O C E S S  ---------------

Threads class SMR info:
_java_thread_list=0x000001d658b11f70, length=48, elements={
0x000001d61e363b10, 0x000001d63a843bf0, 0x000001d63a844cc0, 0x000001d63a847ba0,
0x000001d63a849610, 0x000001d63a84a070, 0x000001d63a84aad0, 0x000001d63a84b860,
0x000001d63a84dd30, 0x000001d63a80c370, 0x000001d63ac273e0, 0x000001d654fc06a0,
0x000001d654ac5b60, 0x000001d654770ad0, 0x000001d655544640, 0x000001d6555411c0,
0x000001d655542c00, 0x000001d655541ee0, 0x000001d655542570, 0x000001d65587ec10,
0x000001d65587d1d0, 0x000001d65587aa70, 0x000001d65587b100, 0x000001d655877c80,
0x000001d65587c4b0, 0x000001d6565146f0, 0x000001d65826d2c0, 0x000001d656fd4e50,
0x000001d656fd6f20, 0x000001d656fd6890, 0x000001d65788f5d0, 0x000001d6578923c0,
0x000001d657893770, 0x000001d6578951b0, 0x000001d657891010, 0x000001d65788ef40,
0x000001d657893e00, 0x000001d65788fc60, 0x000001d65788e8b0, 0x000001d657890980,
0x000001d6578916a0, 0x000001d657894490, 0x000001d65788e220, 0x000001d657891d30,
0x000001d657895840, 0x000001d6578930e0, 0x000001d658a28950, 0x000001d658a2b740
}

Java Threads: ( => current thread )
  0x000001d61e363b10 JavaThread "main"                              [_thread_blocked, id=8588, stack(0x000000cc23500000,0x000000cc23600000) (1024K)]
  0x000001d63a843bf0 JavaThread "Reference Handler"          daemon [_thread_blocked, id=12972, stack(0x000000cc23d00000,0x000000cc23e00000) (1024K)]
  0x000001d63a844cc0 JavaThread "Finalizer"                  daemon [_thread_blocked, id=11636, stack(0x000000cc23e00000,0x000000cc23f00000) (1024K)]
  0x000001d63a847ba0 JavaThread "Signal Dispatcher"          daemon [_thread_blocked, id=11576, stack(0x000000cc23f00000,0x000000cc24000000) (1024K)]
  0x000001d63a849610 JavaThread "Attach Listener"            daemon [_thread_blocked, id=2220, stack(0x000000cc24000000,0x000000cc24100000) (1024K)]
  0x000001d63a84a070 JavaThread "Service Thread"             daemon [_thread_blocked, id=8956, stack(0x000000cc24100000,0x000000cc24200000) (1024K)]
  0x000001d63a84aad0 JavaThread "Monitor Deflation Thread"   daemon [_thread_blocked, id=14612, stack(0x000000cc24200000,0x000000cc24300000) (1024K)]
=>0x000001d63a84b860 JavaThread "C2 CompilerThread0"         daemon [_thread_in_native, id=13708, stack(0x000000cc24300000,0x000000cc24400000) (1024K)]
  0x000001d63a84dd30 JavaThread "C1 CompilerThread0"         daemon [_thread_blocked, id=13808, stack(0x000000cc24400000,0x000000cc24500000) (1024K)]
  0x000001d63a80c370 JavaThread "Common-Cleaner"             daemon [_thread_blocked, id=13992, stack(0x000000cc24500000,0x000000cc24600000) (1024K)]
  0x000001d63ac273e0 JavaThread "Notification Thread"        daemon [_thread_blocked, id=2076, stack(0x000000cc24600000,0x000000cc24700000) (1024K)]
  0x000001d654fc06a0 JavaThread "Daemon health stats"               [_thread_blocked, id=13568, stack(0x000000cc24700000,0x000000cc24800000) (1024K)]
  0x000001d654ac5b60 JavaThread "Incoming local TCP Connector on port 61271"        [_thread_in_native, id=7356, stack(0x000000cc24b00000,0x000000cc24c00000) (1024K)]
  0x000001d654770ad0 JavaThread "Daemon periodic checks"            [_thread_blocked, id=9464, stack(0x000000cc24c00000,0x000000cc24d00000) (1024K)]
  0x000001d655544640 JavaThread "Cache worker for journal cache (C:\Users\DELL\.gradle\caches\journal-1)"        [_thread_blocked, id=236, stack(0x000000cc25400000,0x000000cc25500000) (1024K)]
  0x000001d6555411c0 JavaThread "File lock request listener"        [_thread_in_native, id=9792, stack(0x000000cc25500000,0x000000cc25600000) (1024K)]
  0x000001d655542c00 JavaThread "Cache worker for file hash cache (C:\Users\DELL\.gradle\caches\8.5\fileHashes)"        [_thread_blocked, id=11224, stack(0x000000cc25700000,0x000000cc25800000) (1024K)]
  0x000001d655541ee0 JavaThread "File watcher server"        daemon [_thread_in_native, id=2796, stack(0x000000cc25800000,0x000000cc25900000) (1024K)]
  0x000001d655542570 JavaThread "File watcher consumer"      daemon [_thread_blocked, id=7228, stack(0x000000cc25900000,0x000000cc25a00000) (1024K)]
  0x000001d65587ec10 JavaThread "Cache worker for file content cache (C:\Users\DELL\.gradle\caches\8.5\fileContent)"        [_thread_blocked, id=9368, stack(0x000000cc25600000,0x000000cc25700000) (1024K)]
  0x000001d65587d1d0 JavaThread "Cache worker for execution history cache (C:\Users\DELL\.gradle\caches\8.5\executionHistory)"        [_thread_blocked, id=10636, stack(0x000000cc25e00000,0x000000cc25f00000) (1024K)]
  0x000001d65587aa70 JavaThread "jar transforms"                    [_thread_blocked, id=11616, stack(0x000000cc25f00000,0x000000cc26000000) (1024K)]
  0x000001d65587b100 JavaThread "jar transforms Thread 2"           [_thread_blocked, id=6504, stack(0x000000cc26100000,0x000000cc26200000) (1024K)]
  0x000001d655877c80 JavaThread "jar transforms Thread 3"           [_thread_blocked, id=13428, stack(0x000000cc26200000,0x000000cc26300000) (1024K)]
  0x000001d65587c4b0 JavaThread "jar transforms Thread 4"           [_thread_blocked, id=5548, stack(0x000000cc26300000,0x000000cc26400000) (1024K)]
  0x000001d6565146f0 JavaThread "Memory manager"                    [_thread_blocked, id=2672, stack(0x000000cc26800000,0x000000cc26900000) (1024K)]
  0x000001d65826d2c0 JavaThread "Cache worker for Java compile cache (C:\Users\DELL\.gradle\caches\8.5\javaCompile)"        [_thread_blocked, id=12876, stack(0x000000cc25c00000,0x000000cc25d00000) (1024K)]
  0x000001d656fd4e50 JavaThread "Daemon Thread 22"                  [_thread_blocked, id=15116, stack(0x000000cc23300000,0x000000cc23400000) (1024K)]
  0x000001d656fd6f20 JavaThread "Daemon worker Thread 20"           [_thread_blocked, id=3512, stack(0x000000cc24e00000,0x000000cc24f00000) (1024K)]
  0x000001d656fd6890 JavaThread "included builds"                   [_thread_blocked, id=9524, stack(0x000000cc26900000,0x000000cc26a00000) (1024K)]
  0x000001d65788f5d0 JavaThread "Handler for socket connection from /127.0.0.1:61271 to /127.0.0.1:62862"        [_thread_in_native, id=14476, stack(0x000000cc23400000,0x000000cc23500000) (1024K)]
  0x000001d6578923c0 JavaThread "Cancel handler"                    [_thread_blocked, id=12352, stack(0x000000cc24d00000,0x000000cc24e00000) (1024K)]
  0x000001d657893770 JavaThread "Asynchronous log dispatcher for DefaultDaemonConnection: socket connection from /127.0.0.1:61271 to /127.0.0.1:62862"        [_thread_blocked, id=9864, stack(0x000000cc24f00000,0x000000cc25000000) (1024K)]
  0x000001d6578951b0 JavaThread "Stdin handler"                     [_thread_blocked, id=2400, stack(0x000000cc25000000,0x000000cc25100000) (1024K)]
  0x000001d657891010 JavaThread "Daemon client event forwarder"        [_thread_blocked, id=10492, stack(0x000000cc25100000,0x000000cc25200000) (1024K)]
  0x000001d65788ef40 JavaThread "Cache worker for checksums cache (D:\MD5-SPRING-BOOT\ProjectModule5\.gradle\8.5\checksums)"        [_thread_blocked, id=13516, stack(0x000000cc25200000,0x000000cc25300000) (1024K)]
  0x000001d657893e00 JavaThread "Cache worker for file hash cache (D:\MD5-SPRING-BOOT\ProjectModule5\.gradle\8.5\fileHashes)"        [_thread_blocked, id=3460, stack(0x000000cc25300000,0x000000cc25400000) (1024K)]
  0x000001d65788fc60 JavaThread "Cache worker for cache directory md-supplier (C:\Users\DELL\.gradle\caches\8.5\md-supplier)"        [_thread_blocked, id=5240, stack(0x000000cc25a00000,0x000000cc25b00000) (1024K)]
  0x000001d65788e8b0 JavaThread "Cache worker for cache directory md-rule (C:\Users\DELL\.gradle\caches\8.5\md-rule)"        [_thread_blocked, id=5092, stack(0x000000cc25b00000,0x000000cc25c00000) (1024K)]
  0x000001d657890980 JavaThread "Cache worker for Build Output Cleanup Cache (D:\MD5-SPRING-BOOT\ProjectModule5\.gradle\buildOutputCleanup)"        [_thread_blocked, id=11948, stack(0x000000cc25d00000,0x000000cc25e00000) (1024K)]
  0x000001d6578916a0 JavaThread "Unconstrained build operations"        [_thread_blocked, id=892, stack(0x000000cc26000000,0x000000cc26100000) (1024K)]
  0x000001d657894490 JavaThread "Unconstrained build operations Thread 2"        [_thread_blocked, id=12488, stack(0x000000cc26400000,0x000000cc26500000) (1024K)]
  0x000001d65788e220 JavaThread "Unconstrained build operations Thread 3"        [_thread_blocked, id=11736, stack(0x000000cc26500000,0x000000cc26600000) (1024K)]
  0x000001d657891d30 JavaThread "included builds"                   [_thread_in_native, id=14044, stack(0x000000cc26600000,0x000000cc26700000) (1024K)]
  0x000001d657895840 JavaThread "Execution worker"                  [_thread_blocked, id=8112, stack(0x000000cc26700000,0x000000cc26800000) (1024K)]
  0x000001d6578930e0 JavaThread "Execution worker Thread 2"         [_thread_blocked, id=13296, stack(0x000000cc26a00000,0x000000cc26b00000) (1024K)]
  0x000001d658a28950 JavaThread "Execution worker Thread 3"         [_thread_blocked, id=14316, stack(0x000000cc26b00000,0x000000cc26c00000) (1024K)]
  0x000001d658a2b740 JavaThread "Cache worker for execution history cache (D:\MD5-SPRING-BOOT\ProjectModule5\.gradle\8.5\executionHistory)"        [_thread_blocked, id=12320, stack(0x000000cc26c00000,0x000000cc26d00000) (1024K)]
Total: 48

Other Threads:
  0x000001d63a825500 VMThread "VM Thread"                           [id=5492, stack(0x000000cc23c00000,0x000000cc23d00000) (1024K)]
  0x000001d63a80b880 WatcherThread "VM Periodic Task Thread"        [id=13212, stack(0x000000cc23b00000,0x000000cc23c00000) (1024K)]
  0x000001d61e38f5d0 WorkerThread "GC Thread#0"                     [id=10264, stack(0x000000cc23600000,0x000000cc23700000) (1024K)]
  0x000001d63ad72680 WorkerThread "GC Thread#1"                     [id=10960, stack(0x000000cc24800000,0x000000cc24900000) (1024K)]
  0x000001d63ad72e30 WorkerThread "GC Thread#2"                     [id=5668, stack(0x000000cc24900000,0x000000cc24a00000) (1024K)]
  0x000001d63ad8d720 WorkerThread "GC Thread#3"                     [id=6628, stack(0x000000cc24a00000,0x000000cc24b00000) (1024K)]
  0x000001d61e3944c0 ConcurrentGCThread "G1 Main Marker"            [id=1160, stack(0x000000cc23700000,0x000000cc23800000) (1024K)]
  0x000001d61e394ed0 WorkerThread "G1 Conc#0"                       [id=8280, stack(0x000000cc23800000,0x000000cc23900000) (1024K)]
  0x000001d61e43e580 ConcurrentGCThread "G1 Refine#0"               [id=6488, stack(0x000000cc23900000,0x000000cc23a00000) (1024K)]
  0x000001d63a6de270 ConcurrentGCThread "G1 Service"                [id=13624, stack(0x000000cc23a00000,0x000000cc23b00000) (1024K)]
Total: 10

Threads with active compile tasks:
C2 CompilerThread0  5285847 25928       4       java.lang.reflect.Method::toGenericString (12 bytes)
Total: 1

VM state: not at safepoint (normal execution)

VM Mutex/Monitor currently owned by a thread: None

OutOfMemory and StackOverflow Exception counts:
OutOfMemoryError java_heap_errors=1
LinkageErrors=391

Heap address: 0x00000000e0000000, size: 512 MB, Compressed Oops mode: 32-bit

CDS archive(s) mapped at: [0x000001d63b000000-0x000001d63bc90000-0x000001d63bc90000), size 13172736, SharedBaseAddress: 0x000001d63b000000, ArchiveRelocationMode: 1.
Compressed class space mapped at: 0x000001d63c000000-0x000001d650000000, reserved size: 335544320
Narrow klass base: 0x000001d63b000000, Narrow klass shift: 0, Narrow klass range: 0x100000000

GC Precious Log:
 CardTable entry size: 512
 Card Set container configuration: InlinePtr #cards 5 size 8 Array Of Cards #cards 12 size 40 Howl #buckets 4 coarsen threshold 1843 Howl Bitmap #cards 512 size 80 coarsen threshold 460 Card regions per heap region 1 cards per card region 2048
 CPUs: 4 total, 4 available
 Memory: 8071M
 Large Page Support: Disabled
 NUMA Support: Disabled
 Compressed Oops: Enabled (32-bit)
 Heap Region Size: 1M
 Heap Min Capacity: 256M
 Heap Initial Capacity: 256M
 Heap Max Capacity: 512M
 Pre-touch: Disabled
 Parallel Workers: 4
 Concurrent Workers: 1
 Concurrent Refinement Workers: 4
 Periodic GC: Disabled

Heap:
 garbage-first heap   total 262144K, used 209783K [0x00000000e0000000, 0x0000000100000000)
  region size 1024K, 115 young (117760K), 12 survivors (12288K)
 Metaspace       used 79234K, committed 81280K, reserved 458752K
  class space    used 9988K, committed 11328K, reserved 327680K

Heap Regions: E=young(eden), S=young(survivor), O=old, HS=humongous(starts), HC=humongous(continues), CS=collection set, F=free, TAMS=top-at-mark-start, PB=parsable bottom
|   0|0x00000000e0000000, 0x00000000e0100000, 0x00000000e0100000|100%| O|  |TAMS 0x00000000e0000000| PB 0x00000000e0000000| Untracked 
|   1|0x00000000e0100000, 0x00000000e0200000, 0x00000000e0200000|100%|HS|  |TAMS 0x00000000e0100000| PB 0x00000000e0100000| Complete 
|   2|0x00000000e0200000, 0x00000000e0300000, 0x00000000e0300000|100%|HC|  |TAMS 0x00000000e0200000| PB 0x00000000e0200000| Complete 
|   3|0x00000000e0300000, 0x00000000e0400000, 0x00000000e0400000|100%|HC|  |TAMS 0x00000000e0300000| PB 0x00000000e0300000| Complete 
|   4|0x00000000e0400000, 0x00000000e0500000, 0x00000000e0500000|100%|HC|  |TAMS 0x00000000e0400000| PB 0x00000000e0400000| Complete 
|   5|0x00000000e0500000, 0x00000000e0600000, 0x00000000e0600000|100%| O|  |TAMS 0x00000000e0500000| PB 0x00000000e0500000| Untracked 
|   6|0x00000000e0600000, 0x00000000e0700000, 0x00000000e0700000|100%| O|  |TAMS 0x00000000e0600000| PB 0x00000000e0600000| Untracked 
|   7|0x00000000e0700000, 0x00000000e0800000, 0x00000000e0800000|100%| O|  |TAMS 0x00000000e0700000| PB 0x00000000e0700000| Untracked 
|   8|0x00000000e0800000, 0x00000000e0900000, 0x00000000e0900000|100%| O|  |TAMS 0x00000000e0800000| PB 0x00000000e0800000| Untracked 
|   9|0x00000000e0900000, 0x00000000e0a00000, 0x00000000e0a00000|100%| O|  |TAMS 0x00000000e0900000| PB 0x00000000e0900000| Untracked 
|  10|0x00000000e0a00000, 0x00000000e0b00000, 0x00000000e0b00000|100%| O|  |TAMS 0x00000000e0a00000| PB 0x00000000e0a00000| Untracked 
|  11|0x00000000e0b00000, 0x00000000e0c00000, 0x00000000e0c00000|100%| O|  |TAMS 0x00000000e0b00000| PB 0x00000000e0b00000| Untracked 
|  12|0x00000000e0c00000, 0x00000000e0d00000, 0x00000000e0d00000|100%| O|  |TAMS 0x00000000e0c00000| PB 0x00000000e0c00000| Untracked 
|  13|0x00000000e0d00000, 0x00000000e0e00000, 0x00000000e0e00000|100%| O|  |TAMS 0x00000000e0d00000| PB 0x00000000e0d00000| Untracked 
|  14|0x00000000e0e00000, 0x00000000e0f00000, 0x00000000e0f00000|100%| O|  |TAMS 0x00000000e0e00000| PB 0x00000000e0e00000| Untracked 
|  15|0x00000000e0f00000, 0x00000000e1000000, 0x00000000e1000000|100%| O|  |TAMS 0x00000000e0f00000| PB 0x00000000e0f00000| Untracked 
|  16|0x00000000e1000000, 0x00000000e1100000, 0x00000000e1100000|100%| O|  |TAMS 0x00000000e1000000| PB 0x00000000e1000000| Untracked 
|  17|0x00000000e1100000, 0x00000000e1200000, 0x00000000e1200000|100%| O|  |TAMS 0x00000000e1100000| PB 0x00000000e1100000| Untracked 
|  18|0x00000000e1200000, 0x00000000e1300000, 0x00000000e1300000|100%| O|  |TAMS 0x00000000e1200000| PB 0x00000000e1200000| Untracked 
|  19|0x00000000e1300000, 0x00000000e1400000, 0x00000000e1400000|100%| O|  |TAMS 0x00000000e1300000| PB 0x00000000e1300000| Untracked 
|  20|0x00000000e1400000, 0x00000000e1500000, 0x00000000e1500000|100%| O|  |TAMS 0x00000000e1400000| PB 0x00000000e1400000| Untracked 
|  21|0x00000000e1500000, 0x00000000e1600000, 0x00000000e1600000|100%| O|  |TAMS 0x00000000e1500000| PB 0x00000000e1500000| Untracked 
|  22|0x00000000e1600000, 0x00000000e1700000, 0x00000000e1700000|100%| O|  |TAMS 0x00000000e1600000| PB 0x00000000e1600000| Untracked 
|  23|0x00000000e1700000, 0x00000000e1800000, 0x00000000e1800000|100%| O|  |TAMS 0x00000000e1700000| PB 0x00000000e1700000| Untracked 
|  24|0x00000000e1800000, 0x00000000e1900000, 0x00000000e1900000|100%| O|  |TAMS 0x00000000e1800000| PB 0x00000000e1800000| Untracked 
|  25|0x00000000e1900000, 0x00000000e1a00000, 0x00000000e1a00000|100%| O|  |TAMS 0x00000000e1900000| PB 0x00000000e1900000| Untracked 
|  26|0x00000000e1a00000, 0x00000000e1b00000, 0x00000000e1b00000|100%| O|  |TAMS 0x00000000e1a00000| PB 0x00000000e1a00000| Untracked 
|  27|0x00000000e1b00000, 0x00000000e1c00000, 0x00000000e1c00000|100%| O|  |TAMS 0x00000000e1b00000| PB 0x00000000e1b00000| Untracked 
|  28|0x00000000e1c00000, 0x00000000e1d00000, 0x00000000e1d00000|100%| O|  |TAMS 0x00000000e1c00000| PB 0x00000000e1c00000| Untracked 
|  29|0x00000000e1d00000, 0x00000000e1e00000, 0x00000000e1e00000|100%| O|  |TAMS 0x00000000e1d00000| PB 0x00000000e1d00000| Untracked 
|  30|0x00000000e1e00000, 0x00000000e1f00000, 0x00000000e1f00000|100%| O|  |TAMS 0x00000000e1e00000| PB 0x00000000e1e00000| Untracked 
|  31|0x00000000e1f00000, 0x00000000e2000000, 0x00000000e2000000|100%| O|  |TAMS 0x00000000e1f00000| PB 0x00000000e1f00000| Untracked 
|  32|0x00000000e2000000, 0x00000000e2100000, 0x00000000e2100000|100%| O|  |TAMS 0x00000000e2000000| PB 0x00000000e2000000| Untracked 
|  33|0x00000000e2100000, 0x00000000e2200000, 0x00000000e2200000|100%| O|  |TAMS 0x00000000e2100000| PB 0x00000000e2100000| Untracked 
|  34|0x00000000e2200000, 0x00000000e2300000, 0x00000000e2300000|100%| O|  |TAMS 0x00000000e2200000| PB 0x00000000e2200000| Untracked 
|  35|0x00000000e2300000, 0x00000000e2400000, 0x00000000e2400000|100%|HS|  |TAMS 0x00000000e2300000| PB 0x00000000e2300000| Complete 
|  36|0x00000000e2400000, 0x00000000e2500000, 0x00000000e2500000|100%| O|  |TAMS 0x00000000e2400000| PB 0x00000000e2400000| Untracked 
|  37|0x00000000e2500000, 0x00000000e2600000, 0x00000000e2600000|100%| O|  |TAMS 0x00000000e2500000| PB 0x00000000e2500000| Untracked 
|  38|0x00000000e2600000, 0x00000000e2700000, 0x00000000e2700000|100%| O|  |TAMS 0x00000000e2600000| PB 0x00000000e2600000| Untracked 
|  39|0x00000000e2700000, 0x00000000e2800000, 0x00000000e2800000|100%| O|  |TAMS 0x00000000e2700000| PB 0x00000000e2700000| Untracked 
|  40|0x00000000e2800000, 0x00000000e2900000, 0x00000000e2900000|100%| O|  |TAMS 0x00000000e2800000| PB 0x00000000e2800000| Untracked 
|  41|0x00000000e2900000, 0x00000000e2a00000, 0x00000000e2a00000|100%| O|  |TAMS 0x00000000e2900000| PB 0x00000000e2900000| Untracked 
|  42|0x00000000e2a00000, 0x00000000e2b00000, 0x00000000e2b00000|100%| O|  |TAMS 0x00000000e2a00000| PB 0x00000000e2a00000| Untracked 
|  43|0x00000000e2b00000, 0x00000000e2b00000, 0x00000000e2c00000|  0%| F|  |TAMS 0x00000000e2b00000| PB 0x00000000e2b00000| Untracked 
|  44|0x00000000e2c00000, 0x00000000e2c00000, 0x00000000e2d00000|  0%| F|  |TAMS 0x00000000e2c00000| PB 0x00000000e2c00000| Untracked 
|  45|0x00000000e2d00000, 0x00000000e2e00000, 0x00000000e2e00000|100%| O|  |TAMS 0x00000000e2d00000| PB 0x00000000e2d00000| Untracked 
|  46|0x00000000e2e00000, 0x00000000e2f00000, 0x00000000e2f00000|100%| O|  |TAMS 0x00000000e2e00000| PB 0x00000000e2e00000| Untracked 
|  47|0x00000000e2f00000, 0x00000000e3000000, 0x00000000e3000000|100%| O|  |TAMS 0x00000000e2f00000| PB 0x00000000e2f00000| Untracked 
|  48|0x00000000e3000000, 0x00000000e3000000, 0x00000000e3100000|  0%| F|  |TAMS 0x00000000e3000000| PB 0x00000000e3000000| Untracked 
|  49|0x00000000e3100000, 0x00000000e3100000, 0x00000000e3200000|  0%| F|  |TAMS 0x00000000e3100000| PB 0x00000000e3100000| Untracked 
|  50|0x00000000e3200000, 0x00000000e3300000, 0x00000000e3300000|100%| O|  |TAMS 0x00000000e3200000| PB 0x00000000e3200000| Untracked 
|  51|0x00000000e3300000, 0x00000000e3400000, 0x00000000e3400000|100%| O|  |TAMS 0x00000000e3300000| PB 0x00000000e3300000| Untracked 
|  52|0x00000000e3400000, 0x00000000e3500000, 0x00000000e3500000|100%| O|  |TAMS 0x00000000e3400000| PB 0x00000000e3400000| Untracked 
|  53|0x00000000e3500000, 0x00000000e3600000, 0x00000000e3600000|100%| O|  |TAMS 0x00000000e3500000| PB 0x00000000e3500000| Untracked 
|  54|0x00000000e3600000, 0x00000000e3700000, 0x00000000e3700000|100%| O|  |TAMS 0x00000000e3600000| PB 0x00000000e3600000| Untracked 
|  55|0x00000000e3700000, 0x00000000e3800000, 0x00000000e3800000|100%| O|  |TAMS 0x00000000e3700000| PB 0x00000000e3700000| Untracked 
|  56|0x00000000e3800000, 0x00000000e3900000, 0x00000000e3900000|100%| O|  |TAMS 0x00000000e3800000| PB 0x00000000e3800000| Untracked 
|  57|0x00000000e3900000, 0x00000000e3a00000, 0x00000000e3a00000|100%| O|  |TAMS 0x00000000e3900000| PB 0x00000000e3900000| Untracked 
|  58|0x00000000e3a00000, 0x00000000e3b00000, 0x00000000e3b00000|100%| O|  |TAMS 0x00000000e3a00000| PB 0x00000000e3a00000| Untracked 
|  59|0x00000000e3b00000, 0x00000000e3c00000, 0x00000000e3c00000|100%| O|  |TAMS 0x00000000e3b00000| PB 0x00000000e3b00000| Untracked 
|  60|0x00000000e3c00000, 0x00000000e3d00000, 0x00000000e3d00000|100%| O|  |TAMS 0x00000000e3c00000| PB 0x00000000e3c00000| Untracked 
|  61|0x00000000e3d00000, 0x00000000e3e00000, 0x00000000e3e00000|100%| O|  |TAMS 0x00000000e3d00000| PB 0x00000000e3d00000| Untracked 
|  62|0x00000000e3e00000, 0x00000000e3f00000, 0x00000000e3f00000|100%| O|  |TAMS 0x00000000e3e00000| PB 0x00000000e3e00000| Untracked 
|  63|0x00000000e3f00000, 0x00000000e4000000, 0x00000000e4000000|100%| O|  |TAMS 0x00000000e3f00000| PB 0x00000000e3f00000| Untracked 
|  64|0x00000000e4000000, 0x00000000e4100000, 0x00000000e4100000|100%|HS|  |TAMS 0x00000000e4000000| PB 0x00000000e4000000| Complete 
|  65|0x00000000e4100000, 0x00000000e4100000, 0x00000000e4200000|  0%| F|  |TAMS 0x00000000e4100000| PB 0x00000000e4100000| Untracked 
|  66|0x00000000e4200000, 0x00000000e4300000, 0x00000000e4300000|100%| O|  |TAMS 0x00000000e4200000| PB 0x00000000e4200000| Untracked 
|  67|0x00000000e4300000, 0x00000000e4400000, 0x00000000e4400000|100%| O|  |TAMS 0x00000000e4300000| PB 0x00000000e4300000| Untracked 
|  68|0x00000000e4400000, 0x00000000e4400000, 0x00000000e4500000|  0%| F|  |TAMS 0x00000000e4400000| PB 0x00000000e4400000| Untracked 
|  69|0x00000000e4500000, 0x00000000e4500000, 0x00000000e4600000|  0%| F|  |TAMS 0x00000000e4500000| PB 0x00000000e4500000| Untracked 
|  70|0x00000000e4600000, 0x00000000e4600000, 0x00000000e4700000|  0%| F|  |TAMS 0x00000000e4600000| PB 0x00000000e4600000| Untracked 
|  71|0x00000000e4700000, 0x00000000e4700000, 0x00000000e4800000|  0%| F|  |TAMS 0x00000000e4700000| PB 0x00000000e4700000| Untracked 
|  72|0x00000000e4800000, 0x00000000e4800000, 0x00000000e4900000|  0%| F|  |TAMS 0x00000000e4800000| PB 0x00000000e4800000| Untracked 
|  73|0x00000000e4900000, 0x00000000e4900000, 0x00000000e4a00000|  0%| F|  |TAMS 0x00000000e4900000| PB 0x00000000e4900000| Untracked 
|  74|0x00000000e4a00000, 0x00000000e4a00000, 0x00000000e4b00000|  0%| F|  |TAMS 0x00000000e4a00000| PB 0x00000000e4a00000| Untracked 
|  75|0x00000000e4b00000, 0x00000000e4c00000, 0x00000000e4c00000|100%| O|  |TAMS 0x00000000e4b00000| PB 0x00000000e4b00000| Untracked 
|  76|0x00000000e4c00000, 0x00000000e4c00000, 0x00000000e4d00000|  0%| F|  |TAMS 0x00000000e4c00000| PB 0x00000000e4c00000| Untracked 
|  77|0x00000000e4d00000, 0x00000000e4e00000, 0x00000000e4e00000|100%| O|  |TAMS 0x00000000e4d00000| PB 0x00000000e4d00000| Untracked 
|  78|0x00000000e4e00000, 0x00000000e4f00000, 0x00000000e4f00000|100%|HS|  |TAMS 0x00000000e4e00000| PB 0x00000000e4e00000| Complete 
|  79|0x00000000e4f00000, 0x00000000e5000000, 0x00000000e5000000|100%| O|  |TAMS 0x00000000e4f00000| PB 0x00000000e4f00000| Untracked 
|  80|0x00000000e5000000, 0x00000000e5100000, 0x00000000e5100000|100%| O|  |TAMS 0x00000000e5000000| PB 0x00000000e5000000| Untracked 
|  81|0x00000000e5100000, 0x00000000e5200000, 0x00000000e5200000|100%| O|  |TAMS 0x00000000e5100000| PB 0x00000000e5100000| Untracked 
|  82|0x00000000e5200000, 0x00000000e5300000, 0x00000000e5300000|100%| O|  |TAMS 0x00000000e5200000| PB 0x00000000e5200000| Untracked 
|  83|0x00000000e5300000, 0x00000000e5400000, 0x00000000e5400000|100%| O|  |TAMS 0x00000000e5300000| PB 0x00000000e5300000| Untracked 
|  84|0x00000000e5400000, 0x00000000e5500000, 0x00000000e5500000|100%|HS|  |TAMS 0x00000000e5400000| PB 0x00000000e5400000| Complete 
|  85|0x00000000e5500000, 0x00000000e5600000, 0x00000000e5600000|100%| O|  |TAMS 0x00000000e5500000| PB 0x00000000e5500000| Untracked 
|  86|0x00000000e5600000, 0x00000000e5700000, 0x00000000e5700000|100%| O|  |TAMS 0x00000000e5600000| PB 0x00000000e5600000| Untracked 
|  87|0x00000000e5700000, 0x00000000e5800000, 0x00000000e5800000|100%| O|  |TAMS 0x00000000e5700000| PB 0x00000000e5700000| Untracked 
|  88|0x00000000e5800000, 0x00000000e5900000, 0x00000000e5900000|100%| O|  |TAMS 0x00000000e5800000| PB 0x00000000e5800000| Untracked 
|  89|0x00000000e5900000, 0x00000000e5a00000, 0x00000000e5a00000|100%|HS|  |TAMS 0x00000000e5900000| PB 0x00000000e5900000| Complete 
|  90|0x00000000e5a00000, 0x00000000e5a00000, 0x00000000e5b00000|  0%| F|  |TAMS 0x00000000e5a00000| PB 0x00000000e5a00000| Untracked 
|  91|0x00000000e5b00000, 0x00000000e5b00000, 0x00000000e5c00000|  0%| F|  |TAMS 0x00000000e5b00000| PB 0x00000000e5b00000| Untracked 
|  92|0x00000000e5c00000, 0x00000000e5d00000, 0x00000000e5d00000|100%| O|  |TAMS 0x00000000e5c00000| PB 0x00000000e5c00000| Untracked 
|  93|0x00000000e5d00000, 0x00000000e5e00000, 0x00000000e5e00000|100%| O|  |TAMS 0x00000000e5d00000| PB 0x00000000e5d00000| Untracked 
|  94|0x00000000e5e00000, 0x00000000e5f00000, 0x00000000e5f00000|100%| O|  |TAMS 0x00000000e5e00000| PB 0x00000000e5e00000| Untracked 
|  95|0x00000000e5f00000, 0x00000000e6000000, 0x00000000e6000000|100%| O|  |TAMS 0x00000000e5f00000| PB 0x00000000e5f00000| Untracked 
|  96|0x00000000e6000000, 0x00000000e6100000, 0x00000000e6100000|100%| O|  |TAMS 0x00000000e6000000| PB 0x00000000e6000000| Untracked 
|  97|0x00000000e6100000, 0x00000000e6200000, 0x00000000e6200000|100%| O|  |TAMS 0x00000000e6100000| PB 0x00000000e6100000| Untracked 
|  98|0x00000000e6200000, 0x00000000e6200000, 0x00000000e6300000|  0%| F|  |TAMS 0x00000000e6200000| PB 0x00000000e6200000| Untracked 
|  99|0x00000000e6300000, 0x00000000e6300000, 0x00000000e6400000|  0%| F|  |TAMS 0x00000000e6300000| PB 0x00000000e6300000| Untracked 
| 100|0x00000000e6400000, 0x00000000e6500000, 0x00000000e6500000|100%| O|  |TAMS 0x00000000e6400000| PB 0x00000000e6400000| Untracked 
| 101|0x00000000e6500000, 0x00000000e6600000, 0x00000000e6600000|100%| O|  |TAMS 0x00000000e6500000| PB 0x00000000e6500000| Untracked 
| 102|0x00000000e6600000, 0x00000000e665de28, 0x00000000e6700000| 36%| O|  |TAMS 0x00000000e6600000| PB 0x00000000e6600000| Untracked 
| 103|0x00000000e6700000, 0x00000000e6700000, 0x00000000e6800000|  0%| F|  |TAMS 0x00000000e6700000| PB 0x00000000e6700000| Untracked 
| 104|0x00000000e6800000, 0x00000000e6800000, 0x00000000e6900000|  0%| F|  |TAMS 0x00000000e6800000| PB 0x00000000e6800000| Untracked 
| 105|0x00000000e6900000, 0x00000000e6900000, 0x00000000e6a00000|  0%| F|  |TAMS 0x00000000e6900000| PB 0x00000000e6900000| Untracked 
| 106|0x00000000e6a00000, 0x00000000e6b00000, 0x00000000e6b00000|100%| O|  |TAMS 0x00000000e6a00000| PB 0x00000000e6a00000| Untracked 
| 107|0x00000000e6b00000, 0x00000000e6c00000, 0x00000000e6c00000|100%| O|  |TAMS 0x00000000e6b00000| PB 0x00000000e6b00000| Untracked 
| 108|0x00000000e6c00000, 0x00000000e6d00000, 0x00000000e6d00000|100%| O|  |TAMS 0x00000000e6c00000| PB 0x00000000e6c00000| Untracked 
| 109|0x00000000e6d00000, 0x00000000e6e00000, 0x00000000e6e00000|100%| O|  |TAMS 0x00000000e6d00000| PB 0x00000000e6d00000| Untracked 
| 110|0x00000000e6e00000, 0x00000000e6f00000, 0x00000000e6f00000|100%| O|  |TAMS 0x00000000e6e00000| PB 0x00000000e6e00000| Untracked 
| 111|0x00000000e6f00000, 0x00000000e7000000, 0x00000000e7000000|100%| O|  |TAMS 0x00000000e6f00000| PB 0x00000000e6f00000| Untracked 
| 112|0x00000000e7000000, 0x00000000e7100000, 0x00000000e7100000|100%| O|  |TAMS 0x00000000e7000000| PB 0x00000000e7000000| Untracked 
| 113|0x00000000e7100000, 0x00000000e7100000, 0x00000000e7200000|  0%| F|  |TAMS 0x00000000e7100000| PB 0x00000000e7100000| Untracked 
| 114|0x00000000e7200000, 0x00000000e7200000, 0x00000000e7300000|  0%| F|  |TAMS 0x00000000e7200000| PB 0x00000000e7200000| Untracked 
| 115|0x00000000e7300000, 0x00000000e7300000, 0x00000000e7400000|  0%| F|  |TAMS 0x00000000e7300000| PB 0x00000000e7300000| Untracked 
| 116|0x00000000e7400000, 0x00000000e7400000, 0x00000000e7500000|  0%| F|  |TAMS 0x00000000e7400000| PB 0x00000000e7400000| Untracked 
| 117|0x00000000e7500000, 0x00000000e7500000, 0x00000000e7600000|  0%| F|  |TAMS 0x00000000e7500000| PB 0x00000000e7500000| Untracked 
| 118|0x00000000e7600000, 0x00000000e7600000, 0x00000000e7700000|  0%| F|  |TAMS 0x00000000e7600000| PB 0x00000000e7600000| Untracked 
| 119|0x00000000e7700000, 0x00000000e7700000, 0x00000000e7800000|  0%| F|  |TAMS 0x00000000e7700000| PB 0x00000000e7700000| Untracked 
| 120|0x00000000e7800000, 0x00000000e7800000, 0x00000000e7900000|  0%| F|  |TAMS 0x00000000e7800000| PB 0x00000000e7800000| Untracked 
| 121|0x00000000e7900000, 0x00000000e7900000, 0x00000000e7a00000|  0%| F|  |TAMS 0x00000000e7900000| PB 0x00000000e7900000| Untracked 
| 122|0x00000000e7a00000, 0x00000000e7a80000, 0x00000000e7b00000| 50%| S|CS|TAMS 0x00000000e7a00000| PB 0x00000000e7a00000| Complete 
| 123|0x00000000e7b00000, 0x00000000e7c00000, 0x00000000e7c00000|100%| S|CS|TAMS 0x00000000e7b00000| PB 0x00000000e7b00000| Complete 
| 124|0x00000000e7c00000, 0x00000000e7d00000, 0x00000000e7d00000|100%| S|CS|TAMS 0x00000000e7c00000| PB 0x00000000e7c00000| Complete 
| 125|0x00000000e7d00000, 0x00000000e7e00000, 0x00000000e7e00000|100%| S|CS|TAMS 0x00000000e7d00000| PB 0x00000000e7d00000| Complete 
| 126|0x00000000e7e00000, 0x00000000e7f00000, 0x00000000e7f00000|100%| S|CS|TAMS 0x00000000e7e00000| PB 0x00000000e7e00000| Complete 
| 127|0x00000000e7f00000, 0x00000000e8000000, 0x00000000e8000000|100%| S|CS|TAMS 0x00000000e7f00000| PB 0x00000000e7f00000| Complete 
| 128|0x00000000e8000000, 0x00000000e8100000, 0x00000000e8100000|100%| S|CS|TAMS 0x00000000e8000000| PB 0x00000000e8000000| Complete 
| 129|0x00000000e8100000, 0x00000000e8100000, 0x00000000e8200000|  0%| F|  |TAMS 0x00000000e8100000| PB 0x00000000e8100000| Untracked 
| 130|0x00000000e8200000, 0x00000000e8200000, 0x00000000e8300000|  0%| F|  |TAMS 0x00000000e8200000| PB 0x00000000e8200000| Untracked 
| 131|0x00000000e8300000, 0x00000000e8400000, 0x00000000e8400000|100%| S|CS|TAMS 0x00000000e8300000| PB 0x00000000e8300000| Complete 
| 132|0x00000000e8400000, 0x00000000e8500000, 0x00000000e8500000|100%| S|CS|TAMS 0x00000000e8400000| PB 0x00000000e8400000| Complete 
| 133|0x00000000e8500000, 0x00000000e8600000, 0x00000000e8600000|100%| S|CS|TAMS 0x00000000e8500000| PB 0x00000000e8500000| Complete 
| 134|0x00000000e8600000, 0x00000000e8700000, 0x00000000e8700000|100%| S|CS|TAMS 0x00000000e8600000| PB 0x00000000e8600000| Complete 
| 135|0x00000000e8700000, 0x00000000e8800000, 0x00000000e8800000|100%| S|CS|TAMS 0x00000000e8700000| PB 0x00000000e8700000| Complete 
| 136|0x00000000e8800000, 0x00000000e8800000, 0x00000000e8900000|  0%| F|  |TAMS 0x00000000e8800000| PB 0x00000000e8800000| Untracked 
| 137|0x00000000e8900000, 0x00000000e8900000, 0x00000000e8a00000|  0%| F|  |TAMS 0x00000000e8900000| PB 0x00000000e8900000| Untracked 
| 138|0x00000000e8a00000, 0x00000000e8a00000, 0x00000000e8b00000|  0%| F|  |TAMS 0x00000000e8a00000| PB 0x00000000e8a00000| Untracked 
| 139|0x00000000e8b00000, 0x00000000e8b00000, 0x00000000e8c00000|  0%| F|  |TAMS 0x00000000e8b00000| PB 0x00000000e8b00000| Untracked 
| 140|0x00000000e8c00000, 0x00000000e8c00000, 0x00000000e8d00000|  0%| F|  |TAMS 0x00000000e8c00000| PB 0x00000000e8c00000| Untracked 
| 141|0x00000000e8d00000, 0x00000000e8d00000, 0x00000000e8e00000|  0%| F|  |TAMS 0x00000000e8d00000| PB 0x00000000e8d00000| Untracked 
| 142|0x00000000e8e00000, 0x00000000e8e00000, 0x00000000e8f00000|  0%| F|  |TAMS 0x00000000e8e00000| PB 0x00000000e8e00000| Untracked 
| 143|0x00000000e8f00000, 0x00000000e8f00000, 0x00000000e9000000|  0%| F|  |TAMS 0x00000000e8f00000| PB 0x00000000e8f00000| Untracked 
| 144|0x00000000e9000000, 0x00000000e9000000, 0x00000000e9100000|  0%| F|  |TAMS 0x00000000e9000000| PB 0x00000000e9000000| Untracked 
| 145|0x00000000e9100000, 0x00000000e9100000, 0x00000000e9200000|  0%| F|  |TAMS 0x00000000e9100000| PB 0x00000000e9100000| Untracked 
| 146|0x00000000e9200000, 0x00000000e9200000, 0x00000000e9300000|  0%| F|  |TAMS 0x00000000e9200000| PB 0x00000000e9200000| Untracked 
| 147|0x00000000e9300000, 0x00000000e9300000, 0x00000000e9400000|  0%| F|  |TAMS 0x00000000e9300000| PB 0x00000000e9300000| Untracked 
| 148|0x00000000e9400000, 0x00000000e9400000, 0x00000000e9500000|  0%| F|  |TAMS 0x00000000e9400000| PB 0x00000000e9400000| Untracked 
| 149|0x00000000e9500000, 0x00000000e9500000, 0x00000000e9600000|  0%| F|  |TAMS 0x00000000e9500000| PB 0x00000000e9500000| Untracked 
| 150|0x00000000e9600000, 0x00000000e9600000, 0x00000000e9700000|  0%| F|  |TAMS 0x00000000e9600000| PB 0x00000000e9600000| Untracked 
| 151|0x00000000e9700000, 0x00000000e9700000, 0x00000000e9800000|  0%| F|  |TAMS 0x00000000e9700000| PB 0x00000000e9700000| Untracked 
| 152|0x00000000e9800000, 0x00000000e9800000, 0x00000000e9900000|  0%| F|  |TAMS 0x00000000e9800000| PB 0x00000000e9800000| Untracked 
| 153|0x00000000e9900000, 0x00000000e99e2138, 0x00000000e9a00000| 88%| E|  |TAMS 0x00000000e9900000| PB 0x00000000e9900000| Complete 
| 154|0x00000000e9a00000, 0x00000000e9aff878, 0x00000000e9b00000| 99%| E|  |TAMS 0x00000000e9a00000| PB 0x00000000e9a00000| Complete 
| 155|0x00000000e9b00000, 0x00000000e9c00000, 0x00000000e9c00000|100%| E|CS|TAMS 0x00000000e9b00000| PB 0x00000000e9b00000| Complete 
| 156|0x00000000e9c00000, 0x00000000e9d00000, 0x00000000e9d00000|100%| E|CS|TAMS 0x00000000e9c00000| PB 0x00000000e9c00000| Complete 
| 157|0x00000000e9d00000, 0x00000000e9e00000, 0x00000000e9e00000|100%| E|CS|TAMS 0x00000000e9d00000| PB 0x00000000e9d00000| Complete 
| 158|0x00000000e9e00000, 0x00000000e9f00000, 0x00000000e9f00000|100%| E|CS|TAMS 0x00000000e9e00000| PB 0x00000000e9e00000| Complete 
| 159|0x00000000e9f00000, 0x00000000ea000000, 0x00000000ea000000|100%| E|CS|TAMS 0x00000000e9f00000| PB 0x00000000e9f00000| Complete 
| 160|0x00000000ea000000, 0x00000000ea100000, 0x00000000ea100000|100%| E|CS|TAMS 0x00000000ea000000| PB 0x00000000ea000000| Complete 
| 161|0x00000000ea100000, 0x00000000ea200000, 0x00000000ea200000|100%| E|CS|TAMS 0x00000000ea100000| PB 0x00000000ea100000| Complete 
| 162|0x00000000ea200000, 0x00000000ea300000, 0x00000000ea300000|100%| E|CS|TAMS 0x00000000ea200000| PB 0x00000000ea200000| Complete 
| 163|0x00000000ea300000, 0x00000000ea400000, 0x00000000ea400000|100%| E|CS|TAMS 0x00000000ea300000| PB 0x00000000ea300000| Complete 
| 164|0x00000000ea400000, 0x00000000ea500000, 0x00000000ea500000|100%| E|CS|TAMS 0x00000000ea400000| PB 0x00000000ea400000| Complete 
| 165|0x00000000ea500000, 0x00000000ea600000, 0x00000000ea600000|100%| E|CS|TAMS 0x00000000ea500000| PB 0x00000000ea500000| Complete 
| 166|0x00000000ea600000, 0x00000000ea700000, 0x00000000ea700000|100%| E|CS|TAMS 0x00000000ea600000| PB 0x00000000ea600000| Complete 
| 167|0x00000000ea700000, 0x00000000ea800000, 0x00000000ea800000|100%| E|CS|TAMS 0x00000000ea700000| PB 0x00000000ea700000| Complete 
| 168|0x00000000ea800000, 0x00000000ea900000, 0x00000000ea900000|100%| E|CS|TAMS 0x00000000ea800000| PB 0x00000000ea800000| Complete 
| 169|0x00000000ea900000, 0x00000000eaa00000, 0x00000000eaa00000|100%| E|CS|TAMS 0x00000000ea900000| PB 0x00000000ea900000| Complete 
| 170|0x00000000eaa00000, 0x00000000eab00000, 0x00000000eab00000|100%| E|CS|TAMS 0x00000000eaa00000| PB 0x00000000eaa00000| Complete 
| 171|0x00000000eab00000, 0x00000000eac00000, 0x00000000eac00000|100%| E|CS|TAMS 0x00000000eab00000| PB 0x00000000eab00000| Complete 
| 172|0x00000000eac00000, 0x00000000ead00000, 0x00000000ead00000|100%| E|CS|TAMS 0x00000000eac00000| PB 0x00000000eac00000| Complete 
| 173|0x00000000ead00000, 0x00000000eae00000, 0x00000000eae00000|100%| E|CS|TAMS 0x00000000ead00000| PB 0x00000000ead00000| Complete 
| 174|0x00000000eae00000, 0x00000000eaf00000, 0x00000000eaf00000|100%| E|CS|TAMS 0x00000000eae00000| PB 0x00000000eae00000| Complete 
| 175|0x00000000eaf00000, 0x00000000eb000000, 0x00000000eb000000|100%| E|CS|TAMS 0x00000000eaf00000| PB 0x00000000eaf00000| Complete 
| 176|0x00000000eb000000, 0x00000000eb100000, 0x00000000eb100000|100%| E|CS|TAMS 0x00000000eb000000| PB 0x00000000eb000000| Complete 
| 177|0x00000000eb100000, 0x00000000eb200000, 0x00000000eb200000|100%| E|CS|TAMS 0x00000000eb100000| PB 0x00000000eb100000| Complete 
| 178|0x00000000eb200000, 0x00000000eb300000, 0x00000000eb300000|100%| E|CS|TAMS 0x00000000eb200000| PB 0x00000000eb200000| Complete 
| 179|0x00000000eb300000, 0x00000000eb400000, 0x00000000eb400000|100%| E|CS|TAMS 0x00000000eb300000| PB 0x00000000eb300000| Complete 
| 180|0x00000000eb400000, 0x00000000eb500000, 0x00000000eb500000|100%| E|CS|TAMS 0x00000000eb400000| PB 0x00000000eb400000| Complete 
| 181|0x00000000eb500000, 0x00000000eb600000, 0x00000000eb600000|100%| E|CS|TAMS 0x00000000eb500000| PB 0x00000000eb500000| Complete 
| 182|0x00000000eb600000, 0x00000000eb700000, 0x00000000eb700000|100%| E|CS|TAMS 0x00000000eb600000| PB 0x00000000eb600000| Complete 
| 183|0x00000000eb700000, 0x00000000eb800000, 0x00000000eb800000|100%| E|CS|TAMS 0x00000000eb700000| PB 0x00000000eb700000| Complete 
| 184|0x00000000eb800000, 0x00000000eb900000, 0x00000000eb900000|100%| E|CS|TAMS 0x00000000eb800000| PB 0x00000000eb800000| Complete 
| 185|0x00000000eb900000, 0x00000000eba00000, 0x00000000eba00000|100%| E|CS|TAMS 0x00000000eb900000| PB 0x00000000eb900000| Complete 
| 186|0x00000000eba00000, 0x00000000ebb00000, 0x00000000ebb00000|100%| E|CS|TAMS 0x00000000eba00000| PB 0x00000000eba00000| Complete 
| 187|0x00000000ebb00000, 0x00000000ebc00000, 0x00000000ebc00000|100%| E|CS|TAMS 0x00000000ebb00000| PB 0x00000000ebb00000| Complete 
| 188|0x00000000ebc00000, 0x00000000ebd00000, 0x00000000ebd00000|100%| E|CS|TAMS 0x00000000ebc00000| PB 0x00000000ebc00000| Complete 
| 189|0x00000000ebd00000, 0x00000000ebe00000, 0x00000000ebe00000|100%| E|CS|TAMS 0x00000000ebd00000| PB 0x00000000ebd00000| Complete 
| 190|0x00000000ebe00000, 0x00000000ebf00000, 0x00000000ebf00000|100%| E|CS|TAMS 0x00000000ebe00000| PB 0x00000000ebe00000| Complete 
| 191|0x00000000ebf00000, 0x00000000ec000000, 0x00000000ec000000|100%| E|CS|TAMS 0x00000000ebf00000| PB 0x00000000ebf00000| Complete 
| 192|0x00000000ec000000, 0x00000000ec100000, 0x00000000ec100000|100%| E|CS|TAMS 0x00000000ec000000| PB 0x00000000ec000000| Complete 
| 193|0x00000000ec100000, 0x00000000ec200000, 0x00000000ec200000|100%| E|CS|TAMS 0x00000000ec100000| PB 0x00000000ec100000| Complete 
| 194|0x00000000ec200000, 0x00000000ec300000, 0x00000000ec300000|100%| E|CS|TAMS 0x00000000ec200000| PB 0x00000000ec200000| Complete 
| 195|0x00000000ec300000, 0x00000000ec400000, 0x00000000ec400000|100%| E|CS|TAMS 0x00000000ec300000| PB 0x00000000ec300000| Complete 
| 196|0x00000000ec400000, 0x00000000ec500000, 0x00000000ec500000|100%| E|CS|TAMS 0x00000000ec400000| PB 0x00000000ec400000| Complete 
| 197|0x00000000ec500000, 0x00000000ec600000, 0x00000000ec600000|100%| E|CS|TAMS 0x00000000ec500000| PB 0x00000000ec500000| Complete 
| 198|0x00000000ec600000, 0x00000000ec700000, 0x00000000ec700000|100%| E|CS|TAMS 0x00000000ec600000| PB 0x00000000ec600000| Complete 
| 199|0x00000000ec700000, 0x00000000ec800000, 0x00000000ec800000|100%| E|CS|TAMS 0x00000000ec700000| PB 0x00000000ec700000| Complete 
| 200|0x00000000ec800000, 0x00000000ec900000, 0x00000000ec900000|100%| E|CS|TAMS 0x00000000ec800000| PB 0x00000000ec800000| Complete 
| 201|0x00000000ec900000, 0x00000000eca00000, 0x00000000eca00000|100%| E|CS|TAMS 0x00000000ec900000| PB 0x00000000ec900000| Complete 
| 202|0x00000000eca00000, 0x00000000ecb00000, 0x00000000ecb00000|100%| E|CS|TAMS 0x00000000eca00000| PB 0x00000000eca00000| Complete 
| 203|0x00000000ecb00000, 0x00000000ecc00000, 0x00000000ecc00000|100%| E|CS|TAMS 0x00000000ecb00000| PB 0x00000000ecb00000| Complete 
| 204|0x00000000ecc00000, 0x00000000ecd00000, 0x00000000ecd00000|100%| E|CS|TAMS 0x00000000ecc00000| PB 0x00000000ecc00000| Complete 
| 205|0x00000000ecd00000, 0x00000000ece00000, 0x00000000ece00000|100%| E|CS|TAMS 0x00000000ecd00000| PB 0x00000000ecd00000| Complete 
| 206|0x00000000ece00000, 0x00000000ecf00000, 0x00000000ecf00000|100%| E|CS|TAMS 0x00000000ece00000| PB 0x00000000ece00000| Complete 
| 207|0x00000000ecf00000, 0x00000000ed000000, 0x00000000ed000000|100%| E|CS|TAMS 0x00000000ecf00000| PB 0x00000000ecf00000| Complete 
| 208|0x00000000ed000000, 0x00000000ed100000, 0x00000000ed100000|100%| E|CS|TAMS 0x00000000ed000000| PB 0x00000000ed000000| Complete 
| 209|0x00000000ed100000, 0x00000000ed200000, 0x00000000ed200000|100%| E|CS|TAMS 0x00000000ed100000| PB 0x00000000ed100000| Complete 
| 210|0x00000000ed200000, 0x00000000ed300000, 0x00000000ed300000|100%| E|CS|TAMS 0x00000000ed200000| PB 0x00000000ed200000| Complete 
| 211|0x00000000ed300000, 0x00000000ed400000, 0x00000000ed400000|100%| E|CS|TAMS 0x00000000ed300000| PB 0x00000000ed300000| Complete 
| 212|0x00000000ed400000, 0x00000000ed500000, 0x00000000ed500000|100%| E|CS|TAMS 0x00000000ed400000| PB 0x00000000ed400000| Complete 
| 213|0x00000000ed500000, 0x00000000ed600000, 0x00000000ed600000|100%| E|CS|TAMS 0x00000000ed500000| PB 0x00000000ed500000| Complete 
| 214|0x00000000ed600000, 0x00000000ed700000, 0x00000000ed700000|100%| E|CS|TAMS 0x00000000ed600000| PB 0x00000000ed600000| Complete 
| 215|0x00000000ed700000, 0x00000000ed800000, 0x00000000ed800000|100%| E|CS|TAMS 0x00000000ed700000| PB 0x00000000ed700000| Complete 
| 216|0x00000000ed800000, 0x00000000ed900000, 0x00000000ed900000|100%| E|CS|TAMS 0x00000000ed800000| PB 0x00000000ed800000| Complete 
| 217|0x00000000ed900000, 0x00000000eda00000, 0x00000000eda00000|100%| E|CS|TAMS 0x00000000ed900000| PB 0x00000000ed900000| Complete 
| 218|0x00000000eda00000, 0x00000000edb00000, 0x00000000edb00000|100%| E|CS|TAMS 0x00000000eda00000| PB 0x00000000eda00000| Complete 
| 219|0x00000000edb00000, 0x00000000edc00000, 0x00000000edc00000|100%| E|CS|TAMS 0x00000000edb00000| PB 0x00000000edb00000| Complete 
| 220|0x00000000edc00000, 0x00000000edd00000, 0x00000000edd00000|100%| E|CS|TAMS 0x00000000edc00000| PB 0x00000000edc00000| Complete 
| 221|0x00000000edd00000, 0x00000000ede00000, 0x00000000ede00000|100%| E|CS|TAMS 0x00000000edd00000| PB 0x00000000edd00000| Complete 
| 222|0x00000000ede00000, 0x00000000edf00000, 0x00000000edf00000|100%| E|CS|TAMS 0x00000000ede00000| PB 0x00000000ede00000| Complete 
| 223|0x00000000edf00000, 0x00000000ee000000, 0x00000000ee000000|100%| E|CS|TAMS 0x00000000edf00000| PB 0x00000000edf00000| Complete 
| 224|0x00000000ee000000, 0x00000000ee100000, 0x00000000ee100000|100%| E|CS|TAMS 0x00000000ee000000| PB 0x00000000ee000000| Complete 
| 225|0x00000000ee100000, 0x00000000ee200000, 0x00000000ee200000|100%| E|CS|TAMS 0x00000000ee100000| PB 0x00000000ee100000| Complete 
| 226|0x00000000ee200000, 0x00000000ee300000, 0x00000000ee300000|100%| E|CS|TAMS 0x00000000ee200000| PB 0x00000000ee200000| Complete 
| 227|0x00000000ee300000, 0x00000000ee400000, 0x00000000ee400000|100%| E|CS|TAMS 0x00000000ee300000| PB 0x00000000ee300000| Complete 
| 228|0x00000000ee400000, 0x00000000ee500000, 0x00000000ee500000|100%| E|CS|TAMS 0x00000000ee400000| PB 0x00000000ee400000| Complete 
| 229|0x00000000ee500000, 0x00000000ee600000, 0x00000000ee600000|100%| E|CS|TAMS 0x00000000ee500000| PB 0x00000000ee500000| Complete 
| 230|0x00000000ee600000, 0x00000000ee700000, 0x00000000ee700000|100%| E|CS|TAMS 0x00000000ee600000| PB 0x00000000ee600000| Complete 
| 231|0x00000000ee700000, 0x00000000ee800000, 0x00000000ee800000|100%| E|CS|TAMS 0x00000000ee700000| PB 0x00000000ee700000| Complete 
| 232|0x00000000ee800000, 0x00000000ee900000, 0x00000000ee900000|100%| E|CS|TAMS 0x00000000ee800000| PB 0x00000000ee800000| Complete 
| 233|0x00000000ee900000, 0x00000000eea00000, 0x00000000eea00000|100%| E|CS|TAMS 0x00000000ee900000| PB 0x00000000ee900000| Complete 
| 234|0x00000000eea00000, 0x00000000eeb00000, 0x00000000eeb00000|100%| E|CS|TAMS 0x00000000eea00000| PB 0x00000000eea00000| Complete 
| 235|0x00000000eeb00000, 0x00000000eec00000, 0x00000000eec00000|100%| E|CS|TAMS 0x00000000eeb00000| PB 0x00000000eeb00000| Complete 
| 236|0x00000000eec00000, 0x00000000eed00000, 0x00000000eed00000|100%| E|CS|TAMS 0x00000000eec00000| PB 0x00000000eec00000| Complete 
| 237|0x00000000eed00000, 0x00000000eee00000, 0x00000000eee00000|100%| E|CS|TAMS 0x00000000eed00000| PB 0x00000000eed00000| Complete 
| 238|0x00000000eee00000, 0x00000000eef00000, 0x00000000eef00000|100%| E|CS|TAMS 0x00000000eee00000| PB 0x00000000eee00000| Complete 
| 239|0x00000000eef00000, 0x00000000ef000000, 0x00000000ef000000|100%| E|CS|TAMS 0x00000000eef00000| PB 0x00000000eef00000| Complete 
| 240|0x00000000ef000000, 0x00000000ef100000, 0x00000000ef100000|100%| E|CS|TAMS 0x00000000ef000000| PB 0x00000000ef000000| Complete 
| 241|0x00000000ef100000, 0x00000000ef200000, 0x00000000ef200000|100%| E|CS|TAMS 0x00000000ef100000| PB 0x00000000ef100000| Complete 
| 242|0x00000000ef200000, 0x00000000ef300000, 0x00000000ef300000|100%| E|CS|TAMS 0x00000000ef200000| PB 0x00000000ef200000| Complete 
| 243|0x00000000ef300000, 0x00000000ef400000, 0x00000000ef400000|100%| E|CS|TAMS 0x00000000ef300000| PB 0x00000000ef300000| Complete 
| 244|0x00000000ef400000, 0x00000000ef500000, 0x00000000ef500000|100%| E|CS|TAMS 0x00000000ef400000| PB 0x00000000ef400000| Complete 
| 245|0x00000000ef500000, 0x00000000ef600000, 0x00000000ef600000|100%| E|CS|TAMS 0x00000000ef500000| PB 0x00000000ef500000| Complete 
| 246|0x00000000ef600000, 0x00000000ef700000, 0x00000000ef700000|100%| E|CS|TAMS 0x00000000ef600000| PB 0x00000000ef600000| Complete 
| 247|0x00000000ef700000, 0x00000000ef800000, 0x00000000ef800000|100%| E|CS|TAMS 0x00000000ef700000| PB 0x00000000ef700000| Complete 
| 248|0x00000000ef800000, 0x00000000ef900000, 0x00000000ef900000|100%| E|CS|TAMS 0x00000000ef800000| PB 0x00000000ef800000| Complete 
| 249|0x00000000ef900000, 0x00000000efa00000, 0x00000000efa00000|100%| E|CS|TAMS 0x00000000ef900000| PB 0x00000000ef900000| Complete 
| 250|0x00000000efa00000, 0x00000000efb00000, 0x00000000efb00000|100%| E|CS|TAMS 0x00000000efa00000| PB 0x00000000efa00000| Complete 
| 251|0x00000000efb00000, 0x00000000efc00000, 0x00000000efc00000|100%| E|CS|TAMS 0x00000000efb00000| PB 0x00000000efb00000| Complete 
| 252|0x00000000efc00000, 0x00000000efd00000, 0x00000000efd00000|100%| E|CS|TAMS 0x00000000efc00000| PB 0x00000000efc00000| Complete 
| 253|0x00000000efd00000, 0x00000000efe00000, 0x00000000efe00000|100%| E|CS|TAMS 0x00000000efd00000| PB 0x00000000efd00000| Complete 
| 254|0x00000000efe00000, 0x00000000eff00000, 0x00000000eff00000|100%| E|CS|TAMS 0x00000000efe00000| PB 0x00000000efe00000| Complete 
| 255|0x00000000eff00000, 0x00000000f0000000, 0x00000000f0000000|100%| E|CS|TAMS 0x00000000eff00000| PB 0x00000000eff00000| Complete 

Card table byte_map: [0x000001d637940000,0x000001d637a40000] _byte_map_base: 0x000001d637240000

Marking Bits: (CMBitMap*) 0x000001d61e38fbe0
 Bits: [0x000001d637a40000, 0x000001d638240000)

Polling page: 0x000001d61e120000

Metaspace:

Usage:
  Non-class:     67.68 MB used.
      Class:      9.76 MB used.
       Both:     77.43 MB used.

Virtual space:
  Non-class space:      128.00 MB reserved,      68.38 MB ( 53%) committed,  2 nodes.
      Class space:      320.00 MB reserved,      11.06 MB (  3%) committed,  1 nodes.
             Both:      448.00 MB reserved,      79.44 MB ( 18%) committed. 

Chunk freelists:
   Non-Class:  11.44 MB
       Class:  5.61 MB
        Both:  17.05 MB

MaxMetaspaceSize: 384.00 MB
CompressedClassSpaceSize: 320.00 MB
Initial GC threshold: 21.00 MB
Current GC threshold: 131.19 MB
CDS: on
 - commit_granule_bytes: 65536.
 - commit_granule_words: 8192.
 - virtual_space_node_default_size: 8388608.
 - enlarge_chunks_in_place: 1.
 - use_allocation_guard: 0.


Internal statistics:

num_allocs_failed_limit: 18.
num_arena_births: 4578.
num_arena_deaths: 2342.
num_vsnodes_births: 3.
num_vsnodes_deaths: 0.
num_space_committed: 1450.
num_space_uncommitted: 68.
num_chunks_returned_to_freelist: 3819.
num_chunks_taken_from_freelist: 10576.
num_chunk_merges: 1129.
num_chunk_splits: 5778.
num_chunks_enlarged: 3459.
num_inconsistent_stats: 0.

CodeHeap 'non-profiled nmethods': size=120000Kb used=22323Kb max_used=23615Kb free=97676Kb
 bounds [0x000001d62fcf0000, 0x000001d631400000, 0x000001d637220000]
CodeHeap 'profiled nmethods': size=120000Kb used=36242Kb max_used=40567Kb free=83757Kb
 bounds [0x000001d628220000, 0x000001d62a9c0000, 0x000001d62f750000]
CodeHeap 'non-nmethods': size=5760Kb used=2784Kb max_used=2898Kb free=2975Kb
 bounds [0x000001d62f750000, 0x000001d62fa40000, 0x000001d62fcf0000]
 total_blobs=20591 nmethods=19690 adapters=803
 compilation: enabled
              stopped_count=0, restarted_count=0
 full_count=0

Compilation events (20 events):
Event: 5285.612 Thread 0x000001d63a84dd30 25937       3       org.codehaus.groovy.reflection.ClassInfo::createCachedClass (514 bytes)
Event: 5285.615 Thread 0x000001d63a84dd30 nmethod 25937 0x000001d629b09710 code [0x000001d629b09ca0, 0x000001d629b0c660]
Event: 5285.619 Thread 0x000001d63a84dd30 25938       3       org.codehaus.groovy.reflection.CachedClass$4::initValue (63 bytes)
Event: 5285.621 Thread 0x000001d63a84dd30 nmethod 25938 0x000001d629373210 code [0x000001d629373480, 0x000001d629373e28]
Event: 5285.622 Thread 0x000001d63a84b860 nmethod 25925 0x000001d631363d10 code [0x000001d631363fe0, 0x000001d631364da0]
Event: 5285.622 Thread 0x000001d63a84dd30 25939       3       groovy.lang.MetaClassImpl::chooseMethodInternal (269 bytes)
Event: 5285.622 Thread 0x000001d63a84b860 25928       4       java.lang.reflect.Method::toGenericString (12 bytes)
Event: 5285.624 Thread 0x000001d63a84dd30 nmethod 25939 0x000001d629a31f10 code [0x000001d629a32300, 0x000001d629a34570]
Event: 5285.626 Thread 0x000001d63a84dd30 25940       3       groovy.lang.MissingMethodException::<init> (37 bytes)
Event: 5285.627 Thread 0x000001d63a84dd30 nmethod 25940 0x000001d6294c1590 code [0x000001d6294c1760, 0x000001d6294c1c00]
Event: 5285.627 Thread 0x000001d63a84dd30 25941       3       org.codehaus.groovy.reflection.CachedClass::getHierarchy (11 bytes)
Event: 5285.627 Thread 0x000001d63a84dd30 nmethod 25941 0x000001d629c5d290 code [0x000001d629c5d440, 0x000001d629c5d718]
Event: 5285.633 Thread 0x000001d63a84dd30 25943       3       jdk.internal.org.objectweb.asm.MethodVisitor::visitTypeInsn (17 bytes)
Event: 5285.633 Thread 0x000001d63a84dd30 nmethod 25943 0x000001d629363590 code [0x000001d629363740, 0x000001d629363958]
Event: 5285.711 Thread 0x000001d63a84dd30 25945       3       org.gradle.internal.io.StreamByteBuffer::readAsByteArray (21 bytes)
Event: 5285.712 Thread 0x000001d63a84dd30 nmethod 25945 0x000001d62a1c2090 code [0x000001d62a1c2260, 0x000001d62a1c24a8]
Event: 5285.713 Thread 0x000001d63a84dd30 25946       3       org.gradle.internal.classloader.TransformReplacer$JarLoader::getJarFileLocked (104 bytes)
Event: 5285.716 Thread 0x000001d63a84dd30 nmethod 25946 0x000001d628376a90 code [0x000001d628376e40, 0x000001d6283786d8]
Event: 5285.716 Thread 0x000001d63a84dd30 25947       3       org.gradle.internal.io.StreamByteBuffer::readFully (27 bytes)
Event: 5285.716 Thread 0x000001d63a84dd30 nmethod 25947 0x000001d62a4ecb10 code [0x000001d62a4ecce0, 0x000001d62a4ecf40]

GC Heap History (20 events):
Event: 4552.358 GC heap before
{Heap before GC invocations=70 (full 0):
 garbage-first heap   total 262144K, used 226127K [0x00000000e0000000, 0x0000000100000000)
  region size 1024K, 139 young (142336K), 19 survivors (19456K)
 Metaspace       used 82921K, committed 84352K, reserved 458752K
  class space    used 10488K, committed 11200K, reserved 327680K
}
Event: 4552.372 GC heap after
{Heap after GC invocations=71 (full 0):
 garbage-first heap   total 262144K, used 95163K [0x00000000e0000000, 0x0000000100000000)
  region size 1024K, 7 young (7168K), 7 survivors (7168K)
 Metaspace       used 82921K, committed 84352K, reserved 458752K
  class space    used 10488K, committed 11200K, reserved 327680K
}
Event: 4580.492 GC heap before
{Heap before GC invocations=71 (full 0):
 garbage-first heap   total 262144K, used 230331K [0x00000000e0000000, 0x0000000100000000)
  region size 1024K, 140 young (143360K), 7 survivors (7168K)
 Metaspace       used 82927K, committed 84352K, reserved 458752K
  class space    used 10488K, committed 11200K, reserved 327680K
}
Event: 4580.509 GC heap after
{Heap after GC invocations=72 (full 0):
 garbage-first heap   total 262144K, used 97471K [0x00000000e0000000, 0x0000000100000000)
  region size 1024K, 9 young (9216K), 9 survivors (9216K)
 Metaspace       used 82927K, committed 84352K, reserved 458752K
  class space    used 10488K, committed 11200K, reserved 327680K
}
Event: 4885.173 GC heap before
{Heap before GC invocations=72 (full 0):
 garbage-first heap   total 262144K, used 231615K [0x00000000e0000000, 0x0000000100000000)
  region size 1024K, 141 young (144384K), 9 survivors (9216K)
 Metaspace       used 82931K, committed 84352K, reserved 458752K
  class space    used 10488K, committed 11200K, reserved 327680K
}
Event: 4885.186 GC heap after
{Heap after GC invocations=73 (full 0):
 garbage-first heap   total 262144K, used 96080K [0x00000000e0000000, 0x0000000100000000)
  region size 1024K, 8 young (8192K), 8 survivors (8192K)
 Metaspace       used 82931K, committed 84352K, reserved 458752K
  class space    used 10488K, committed 11200K, reserved 327680K
}
Event: 4950.614 GC heap before
{Heap before GC invocations=73 (full 0):
 garbage-first heap   total 262144K, used 234320K [0x00000000e0000000, 0x0000000100000000)
  region size 1024K, 142 young (145408K), 8 survivors (8192K)
 Metaspace       used 84421K, committed 85888K, reserved 458752K
  class space    used 10651K, committed 11392K, reserved 327680K
}
Event: 4950.630 GC heap after
{Heap after GC invocations=74 (full 0):
 garbage-first heap   total 262144K, used 97410K [0x00000000e0000000, 0x0000000100000000)
  region size 1024K, 8 young (8192K), 8 survivors (8192K)
 Metaspace       used 84421K, committed 85888K, reserved 458752K
  class space    used 10651K, committed 11392K, reserved 327680K
}
Event: 4951.968 GC heap before
{Heap before GC invocations=74 (full 0):
 garbage-first heap   total 262144K, used 235650K [0x00000000e0000000, 0x0000000100000000)
  region size 1024K, 142 young (145408K), 8 survivors (8192K)
 Metaspace       used 84921K, committed 86400K, reserved 458752K
  class space    used 10708K, committed 11456K, reserved 327680K
}
Event: 4951.995 GC heap after
{Heap after GC invocations=75 (full 0):
 garbage-first heap   total 262144K, used 109955K [0x00000000e0000000, 0x0000000100000000)
  region size 1024K, 18 young (18432K), 18 survivors (18432K)
 Metaspace       used 84921K, committed 86400K, reserved 458752K
  class space    used 10708K, committed 11456K, reserved 327680K
}
Event: 4979.959 GC heap before
{Heap before GC invocations=75 (full 0):
 garbage-first heap   total 262144K, used 227715K [0x00000000e0000000, 0x0000000100000000)
  region size 1024K, 134 young (137216K), 18 survivors (18432K)
 Metaspace       used 85865K, committed 87360K, reserved 458752K
  class space    used 10818K, committed 11520K, reserved 327680K
}
Event: 4979.991 GC heap after
{Heap after GC invocations=76 (full 0):
 garbage-first heap   total 262144K, used 115667K [0x00000000e0000000, 0x0000000100000000)
  region size 1024K, 10 young (10240K), 10 survivors (10240K)
 Metaspace       used 85865K, committed 87360K, reserved 458752K
  class space    used 10818K, committed 11520K, reserved 327680K
}
Event: 5008.119 GC heap before
{Heap before GC invocations=76 (full 0):
 garbage-first heap   total 262144K, used 229331K [0x00000000e0000000, 0x0000000100000000)
  region size 1024K, 122 young (124928K), 10 survivors (10240K)
 Metaspace       used 85868K, committed 87424K, reserved 458752K
  class space    used 10818K, committed 11520K, reserved 327680K
}
Event: 5008.200 GC heap after
{Heap after GC invocations=77 (full 0):
 garbage-first heap   total 262144K, used 117760K [0x00000000e0000000, 0x0000000100000000)
  region size 1024K, 10 young (10240K), 10 survivors (10240K)
 Metaspace       used 85868K, committed 87424K, reserved 458752K
  class space    used 10818K, committed 11520K, reserved 327680K
}
Event: 5182.645 GC heap before
{Heap before GC invocations=78 (full 0):
 garbage-first heap   total 262144K, used 229376K [0x00000000e0000000, 0x0000000100000000)
  region size 1024K, 121 young (123904K), 10 survivors (10240K)
 Metaspace       used 74917K, committed 80576K, reserved 458752K
  class space    used 9456K, committed 11328K, reserved 327680K
}
Event: 5182.662 GC heap after
{Heap after GC invocations=79 (full 0):
 garbage-first heap   total 262144K, used 117159K [0x00000000e0000000, 0x0000000100000000)
  region size 1024K, 10 young (10240K), 10 survivors (10240K)
 Metaspace       used 74917K, committed 80576K, reserved 458752K
  class space    used 9456K, committed 11328K, reserved 327680K
}
Event: 5234.676 GC heap before
{Heap before GC invocations=79 (full 0):
 garbage-first heap   total 262144K, used 231847K [0x00000000e0000000, 0x0000000100000000)
  region size 1024K, 121 young (123904K), 10 survivors (10240K)
 Metaspace       used 76345K, committed 80576K, reserved 458752K
  class space    used 9621K, committed 11328K, reserved 327680K
}
Event: 5234.722 GC heap after
{Heap after GC invocations=80 (full 0):
 garbage-first heap   total 262144K, used 100373K [0x00000000e0000000, 0x0000000100000000)
  region size 1024K, 6 young (6144K), 6 survivors (6144K)
 Metaspace       used 76345K, committed 80576K, reserved 458752K
  class space    used 9621K, committed 11328K, reserved 327680K
}
Event: 5238.172 GC heap before
{Heap before GC invocations=80 (full 0):
 garbage-first heap   total 262144K, used 218133K [0x00000000e0000000, 0x0000000100000000)
  region size 1024K, 122 young (124928K), 6 survivors (6144K)
 Metaspace       used 76436K, committed 80576K, reserved 458752K
  class space    used 9631K, committed 11328K, reserved 327680K
}
Event: 5238.191 GC heap after
{Heap after GC invocations=81 (full 0):
 garbage-first heap   total 262144K, used 105335K [0x00000000e0000000, 0x0000000100000000)
  region size 1024K, 12 young (12288K), 12 survivors (12288K)
 Metaspace       used 76436K, committed 80576K, reserved 458752K
  class space    used 9631K, committed 11328K, reserved 327680K
}

Dll operation events (15 events):
Event: 0.012 Loaded shared library C:\Users\DELL\.jdks\corretto-21\bin\java.dll
Event: 0.094 Loaded shared library C:\Users\DELL\.jdks\corretto-21\bin\jsvml.dll
Event: 0.183 Loaded shared library C:\Users\DELL\.jdks\corretto-21\bin\zip.dll
Event: 0.189 Loaded shared library C:\Users\DELL\.jdks\corretto-21\bin\instrument.dll
Event: 0.196 Loaded shared library C:\Users\DELL\.jdks\corretto-21\bin\net.dll
Event: 0.199 Loaded shared library C:\Users\DELL\.jdks\corretto-21\bin\nio.dll
Event: 0.208 Loaded shared library C:\Users\DELL\.jdks\corretto-21\bin\zip.dll
Event: 1.399 Loaded shared library C:\Users\DELL\.jdks\corretto-21\bin\jimage.dll
Event: 1.811 Loaded shared library C:\Users\DELL\.jdks\corretto-21\bin\verify.dll
Event: 2.551 Loaded shared library C:\Users\DELL\.gradle\native\c067742578af261105cb4f569cf0c3c89f3d7b1fecec35dd04571415982c5e48\windows-amd64\native-platform.dll
Event: 2.564 Loaded shared library C:\Users\DELL\.gradle\native\38dada09dfb8b06ba9b0570ebf7e218e3eb74d4ef43ca46872605cf95ebc2f47\windows-amd64\native-platform-file-events.dll
Event: 5.685 Loaded shared library C:\Users\DELL\.jdks\corretto-21\bin\management.dll
Event: 5.691 Loaded shared library C:\Users\DELL\.jdks\corretto-21\bin\management_ext.dll
Event: 6.347 Loaded shared library C:\Users\DELL\.jdks\corretto-21\bin\extnet.dll
Event: 6.650 Loaded shared library C:\Users\DELL\.jdks\corretto-21\bin\sunmscapi.dll

Deoptimization events (20 events):
Event: 5251.574 Thread 0x000001d656fd6f20 Uncommon trap: trap_request=0xffffffbe fr.pc=0x000001d630eb228c relative=0x000000000000032c
Event: 5251.574 Thread 0x000001d656fd6f20 Uncommon trap: reason=profile_predicate action=maybe_recompile pc=0x000001d630eb228c method=java.util.ComparableTimSort.binarySort([Ljava/lang/Object;III)V @ 34 c2
Event: 5251.574 Thread 0x000001d656fd6f20 DEOPT PACKING pc=0x000001d630eb228c sp=0x000000cc24efd0a0
Event: 5251.574 Thread 0x000001d656fd6f20 DEOPT UNPACKING pc=0x000001d62f7a46a2 sp=0x000000cc24efcfb8 mode 2
Event: 5251.603 Thread 0x000001d656fd6f20 Uncommon trap: trap_request=0xffffffbe fr.pc=0x000001d630eb228c relative=0x000000000000032c
Event: 5251.603 Thread 0x000001d656fd6f20 Uncommon trap: reason=profile_predicate action=maybe_recompile pc=0x000001d630eb228c method=java.util.ComparableTimSort.binarySort([Ljava/lang/Object;III)V @ 34 c2
Event: 5251.603 Thread 0x000001d656fd6f20 DEOPT PACKING pc=0x000001d630eb228c sp=0x000000cc24efc450
Event: 5251.603 Thread 0x000001d656fd6f20 DEOPT UNPACKING pc=0x000001d62f7a46a2 sp=0x000000cc24efc368 mode 2
Event: 5251.739 Thread 0x000001d656fd4e50 Uncommon trap: trap_request=0xffffffd6 fr.pc=0x000001d63139e8cc relative=0x00000000000008cc
Event: 5251.739 Thread 0x000001d656fd4e50 Uncommon trap: reason=array_check action=maybe_recompile pc=0x000001d63139e8cc method=java.util.ComparableTimSort.binarySort([Ljava/lang/Object;III)V @ 183 c2
Event: 5251.740 Thread 0x000001d656fd4e50 DEOPT PACKING pc=0x000001d63139e8cc sp=0x000000cc233fd120
Event: 5251.740 Thread 0x000001d656fd4e50 DEOPT UNPACKING pc=0x000001d62f7a46a2 sp=0x000000cc233fd0e0 mode 2
Event: 5285.515 Thread 0x000001d656fd6f20 Uncommon trap: trap_request=0xffffff45 fr.pc=0x000001d62ff354f0 relative=0x0000000000000130
Event: 5285.515 Thread 0x000001d656fd6f20 Uncommon trap: reason=unstable_if action=reinterpret pc=0x000001d62ff354f0 method=java.lang.ref.SoftReference.get()Ljava/lang/Object; @ 6 c2
Event: 5285.515 Thread 0x000001d656fd6f20 DEOPT PACKING pc=0x000001d62ff354f0 sp=0x000000cc24ef7fe0
Event: 5285.515 Thread 0x000001d656fd6f20 DEOPT UNPACKING pc=0x000001d62f7a46a2 sp=0x000000cc24ef7ec0 mode 2
Event: 5285.526 Thread 0x000001d656fd6f20 Uncommon trap: trap_request=0xffffff45 fr.pc=0x000001d62ffef698 relative=0x00000000000000f8
Event: 5285.526 Thread 0x000001d656fd6f20 Uncommon trap: reason=unstable_if action=reinterpret pc=0x000001d62ffef698 method=java.lang.ref.SoftReference.get()Ljava/lang/Object; @ 6 c2
Event: 5285.526 Thread 0x000001d656fd6f20 DEOPT PACKING pc=0x000001d62ffef698 sp=0x000000cc24ef80d0
Event: 5285.526 Thread 0x000001d656fd6f20 DEOPT UNPACKING pc=0x000001d62f7a46a2 sp=0x000000cc24ef8018 mode 2

Classes loaded (20 events):
Event: 1042.410 Loading class java/net/UrlDeserializedState
Event: 1042.412 Loading class java/net/UrlDeserializedState done
Event: 1056.704 Loading class jdk/internal/module/IllegalAccessLogger
Event: 1056.704 Loading class jdk/internal/module/IllegalAccessLogger done
Event: 3381.354 Loading class jdk/internal/module/IllegalAccessLogger
Event: 3381.354 Loading class jdk/internal/module/IllegalAccessLogger done
Event: 3552.132 Loading class jdk/internal/module/IllegalAccessLogger
Event: 3552.132 Loading class jdk/internal/module/IllegalAccessLogger done
Event: 3777.221 Loading class jdk/internal/module/IllegalAccessLogger
Event: 3777.221 Loading class jdk/internal/module/IllegalAccessLogger done
Event: 4530.865 Loading class jdk/internal/module/IllegalAccessLogger
Event: 4530.866 Loading class jdk/internal/module/IllegalAccessLogger done
Event: 4885.912 Loading class jdk/internal/module/IllegalAccessLogger
Event: 4885.912 Loading class jdk/internal/module/IllegalAccessLogger done
Event: 4951.698 Loading class jdk/internal/module/IllegalAccessLogger
Event: 4951.698 Loading class jdk/internal/module/IllegalAccessLogger done
Event: 5183.699 Loading class jdk/internal/module/IllegalAccessLogger
Event: 5183.699 Loading class jdk/internal/module/IllegalAccessLogger done
Event: 5238.560 Loading class jdk/internal/module/IllegalAccessLogger
Event: 5238.560 Loading class jdk/internal/module/IllegalAccessLogger done

Classes unloaded (20 events):
Event: 5008.811 Thread 0x000001d63a825500 Unloading class 0x000001d63ca83000 'lombok/permit/Permit$Fake'
Event: 5008.811 Thread 0x000001d63a825500 Unloading class 0x000001d63c9e9468 'lombok/permit/Permit'
Event: 5008.811 Thread 0x000001d63a825500 Unloading class 0x000001d63c9e9238 'lombok/core/AnnotationProcessor$EcjDescriptor'
Event: 5008.811 Thread 0x000001d63a825500 Unloading class 0x000001d63c9e9000 'lombok/core/AnnotationProcessor$JavacDescriptor'
Event: 5008.811 Thread 0x000001d63a825500 Unloading class 0x000001d63ca12280 'lombok/core/AnnotationProcessor$ProcessorDescriptor'
Event: 5008.811 Thread 0x000001d63a825500 Unloading class 0x000001d63ca12000 'lombok/core/AnnotationProcessor'
Event: 5008.811 Thread 0x000001d63a825500 Unloading class 0x000001d63cabf000 'lombok/launch/AnnotationProcessorHider$AstModificationNotifierData'
Event: 5008.811 Thread 0x000001d63a825500 Unloading class 0x000001d63ca65498 'lombok/launch/AnnotationProcessorHider$ClaimingProcessor'
Event: 5008.812 Thread 0x000001d63a825500 Unloading class 0x000001d63ca65218 'lombok/launch/ClassFileMetaData'
Event: 5008.812 Thread 0x000001d63a825500 Unloading class 0x000001d63ca65000 'lombok/launch/PackageShader'
Event: 5008.813 Thread 0x000001d63a825500 Unloading class 0x000001d63ca69480 'lombok/launch/ShadowClassLoader'
Event: 5008.813 Thread 0x000001d63a825500 Unloading class 0x000001d63ca69280 'lombok/launch/Main'
Event: 5008.813 Thread 0x000001d63a825500 Unloading class 0x000001d63ca69000 'lombok/launch/AnnotationProcessorHider$AnnotationProcessor'
Event: 5008.813 Thread 0x000001d63a825500 Unloading class 0x000001d63cafc800 'Build_ProjectModule51_7bob0wabdlpq2wmskgzhgdrsv'
Event: 5008.813 Thread 0x000001d63a825500 Unloading class 0x000001d63cabc800 'java/lang/invoke/LambdaForm$MH+0x000001d63cabc800'
Event: 5008.813 Thread 0x000001d63a825500 Unloading class 0x000001d63c900800 'jdk/internal/reflect/GeneratedSerializationConstructorAccessor23'
Event: 5008.813 Thread 0x000001d63a825500 Unloading class 0x000001d63c900400 'jdk/internal/reflect/GeneratedSerializationConstructorAccessor22'
Event: 5008.813 Thread 0x000001d63a825500 Unloading class 0x000001d63c900000 'jdk/internal/reflect/GeneratedSerializationConstructorAccessor21'
Event: 5008.813 Thread 0x000001d63a825500 Unloading class 0x000001d63c8edc00 'jdk/internal/reflect/GeneratedSerializationConstructorAccessor20'
Event: 5008.814 Thread 0x000001d63a825500 Unloading class 0x000001d63c018400 'java/lang/invoke/LambdaForm$MH+0x000001d63c018400'

Classes redefined (0 events):
No events

Internal exceptions (20 events):
Event: 5251.529 Thread 0x000001d656fd6f20 Exception <a 'java/lang/NoSuchMethodError'{0x00000000eb2fcbb8}: 'void java.lang.invoke.DirectMethodHandle$Holder.invokeStatic(java.lang.Object, int, java.lang.Object)'> (0x00000000eb2fcbb8) 
thrown [s\src\hotspot\share\interpreter\linkResolver.cpp, line 773]
Event: 5251.530 Thread 0x000001d657890980 Exception <a 'java/lang/NoSuchMethodError'{0x00000000eb1126e0}: static Lorg/gradle/internal/build/event/types/DefaultFailure;.<clinit>()V> (0x00000000eb1126e0) 
thrown [s\src\hotspot\share\prims\jni.cpp, line 1106]
Event: 5251.728 Thread 0x000001d656fd4e50 Exception <a 'java/lang/NoSuchMethodError'{0x00000000eaf57f10}: static Lorg/gradle/tooling/internal/provider/serialization/ClassLoaderDetails;.<clinit>()V> (0x00000000eaf57f10) 
thrown [s\src\hotspot\share\prims\jni.cpp, line 1106]
Event: 5251.729 Thread 0x000001d656fd4e50 Exception <a 'java/lang/NoSuchMethodError'{0x00000000eaf6b7d0}: static Lorg/gradle/tooling/internal/provider/serialization/WellKnownClassLoaderRegistry$KnownClassLoaderSpec;.<clinit>()V> (0x00000000eaf6b7d0) 
thrown [s\src\hotspot\share\prims\jni.cpp, line 1106]
Event: 5251.732 Thread 0x000001d656fd4e50 Exception <a 'java/lang/NoSuchMethodError'{0x00000000eaf6cf68}: static Lorg/gradle/internal/classloader/ClassLoaderSpec;.<clinit>()V> (0x00000000eaf6cf68) 
thrown [s\src\hotspot\share\prims\jni.cpp, line 1106]
Event: 5251.735 Thread 0x000001d656fd4e50 Exception <a 'java/lang/NoSuchMethodError'{0x00000000eaf807c8}: static Lorg/gradle/internal/classloader/ClassLoaderSpec;.<clinit>()V> (0x00000000eaf807c8) 
thrown [s\src\hotspot\share\prims\jni.cpp, line 1106]
Event: 5251.738 Thread 0x000001d656fd4e50 Exception <a 'java/lang/NoSuchMethodError'{0x00000000eaf8d048}: static Lorg/gradle/internal/classloader/VisitableURLClassLoader$Spec;.<clinit>()V> (0x00000000eaf8d048) 
thrown [s\src\hotspot\share\prims\jni.cpp, line 1106]
Event: 5285.301 Thread 0x000001d656fd6f20 Exception <a 'sun/nio/fs/WindowsException'{0x00000000eada60f8}> (0x00000000eada60f8) 
thrown [s\src\hotspot\share\prims\jni.cpp, line 520]
Event: 5285.301 Thread 0x000001d656fd6f20 Exception <a 'sun/nio/fs/WindowsException'{0x00000000eada74c0}> (0x00000000eada74c0) 
thrown [s\src\hotspot\share\prims\jni.cpp, line 520]
Event: 5285.302 Thread 0x000001d656fd6f20 Exception <a 'sun/nio/fs/WindowsException'{0x00000000eada8880}> (0x00000000eada8880) 
thrown [s\src\hotspot\share\prims\jni.cpp, line 520]
Event: 5285.303 Thread 0x000001d656fd6f20 Exception <a 'sun/nio/fs/WindowsException'{0x00000000eada9c30}> (0x00000000eada9c30) 
thrown [s\src\hotspot\share\prims\jni.cpp, line 520]
Event: 5285.479 Thread 0x000001d656fd6f20 Exception <a 'java/lang/NoClassDefFoundError'{0x00000000ea6570d8}: org/jetbrains/kotlin/gradle/plugin/KotlinPluginWrapper> (0x00000000ea6570d8) 
thrown [s\src\hotspot\share\classfile\systemDictionary.cpp, line 301]
Event: 5285.480 Thread 0x000001d656fd6f20 Exception <a 'java/lang/NoClassDefFoundError'{0x00000000ea65ad30}: org/graalvm/buildtools/gradle/NativeImagePlugin> (0x00000000ea65ad30) 
thrown [s\src\hotspot\share\classfile\systemDictionary.cpp, line 301]
Event: 5285.521 Thread 0x000001d656fd6f20 Exception <a 'java/lang/ClassNotFoundException'{0x00000000ea5a2478}: io/spring/gradle/dependencymanagement/internal/dsl/StandardDependencyManagementExtensionBeanInfo> (0x00000000ea5a2478) 
thrown [s\src\hotspot\share\classfile\systemDictionary.cpp, line 312]
Event: 5285.522 Thread 0x000001d656fd6f20 Exception <a 'java/lang/ClassNotFoundException'{0x00000000ea5a8fb0}: io/spring/gradle/dependencymanagement/internal/dsl/StandardDependencyManagementExtensionCustomizer> (0x00000000ea5a8fb0) 
thrown [s\src\hotspot\share\classfile\systemDictionary.cpp, line 312]
Event: 5285.526 Thread 0x000001d656fd6f20 Implicit null exception at 0x000001d62ffef5f2 to 0x000001d62ffef688
Event: 5285.566 Thread 0x000001d656fd6f20 Exception <a 'java/lang/ClassNotFoundException'{0x00000000ea384c28}: io/spring/gradle/dependencymanagement/internal/dsl/StandardImportsHandlerBeanInfo> (0x00000000ea384c28) 
thrown [s\src\hotspot\share\classfile\systemDictionary.cpp, line 312]
Event: 5285.566 Thread 0x000001d656fd6f20 Exception <a 'java/lang/ClassNotFoundException'{0x00000000ea38c420}: io/spring/gradle/dependencymanagement/internal/dsl/StandardImportsHandlerCustomizer> (0x00000000ea38c420) 
thrown [s\src\hotspot\share\classfile\systemDictionary.cpp, line 312]
Event: 5285.588 Thread 0x000001d656fd6f20 Exception <a 'java/lang/ClassNotFoundException'{0x00000000ea224148}: build_ahdlue9oodh634jx6hppceesgBeanInfo> (0x00000000ea224148) 
thrown [s\src\hotspot\share\classfile\systemDictionary.cpp, line 312]
Event: 5285.590 Thread 0x000001d656fd6f20 Exception <a 'java/lang/ClassNotFoundException'{0x00000000ea22a5e0}: build_ahdlue9oodh634jx6hppceesgCustomizer> (0x00000000ea22a5e0) 
thrown [s\src\hotspot\share\classfile\systemDictionary.cpp, line 312]

ZGC Phase Switch (0 events):
No events

VM Operations (20 events):
Event: 5235.798 Executing VM operation: Cleanup
Event: 5235.798 Executing VM operation: Cleanup done
Event: 5236.800 Executing VM operation: Cleanup
Event: 5236.818 Executing VM operation: Cleanup done
Event: 5237.827 Executing VM operation: Cleanup
Event: 5237.828 Executing VM operation: Cleanup done
Event: 5238.172 Executing VM operation: G1TryInitiateConcMark (G1 Humongous Allocation)
Event: 5238.191 Executing VM operation: G1TryInitiateConcMark (G1 Humongous Allocation) done
Event: 5239.197 Executing VM operation: Cleanup
Event: 5239.197 Executing VM operation: Cleanup done
Event: 5240.208 Executing VM operation: Cleanup
Event: 5240.224 Executing VM operation: Cleanup done
Event: 5241.234 Executing VM operation: Cleanup
Event: 5241.234 Executing VM operation: Cleanup done
Event: 5247.288 Executing VM operation: Cleanup
Event: 5247.288 Executing VM operation: Cleanup done
Event: 5252.324 Executing VM operation: Cleanup
Event: 5252.324 Executing VM operation: Cleanup done
Event: 5285.616 Executing VM operation: Cleanup
Event: 5285.617 Executing VM operation: Cleanup done

Events (20 events):
Event: 5251.745 Thread 0x000001d656512620 Thread exited: 0x000001d656512620
Event: 5251.787 Thread 0x000001d656511270 Thread exited: 0x000001d656511270
Event: 5285.238 Thread 0x000001d65788f5d0 Thread added: 0x000001d65788f5d0
Event: 5285.242 Thread 0x000001d6578923c0 Thread added: 0x000001d6578923c0
Event: 5285.248 Thread 0x000001d657893770 Thread added: 0x000001d657893770
Event: 5285.249 Thread 0x000001d6578951b0 Thread added: 0x000001d6578951b0
Event: 5285.249 Thread 0x000001d657891010 Thread added: 0x000001d657891010
Event: 5285.271 Thread 0x000001d65788ef40 Thread added: 0x000001d65788ef40
Event: 5285.274 Thread 0x000001d657893e00 Thread added: 0x000001d657893e00
Event: 5285.276 Thread 0x000001d65788fc60 Thread added: 0x000001d65788fc60
Event: 5285.291 Thread 0x000001d65788e8b0 Thread added: 0x000001d65788e8b0
Event: 5285.344 Thread 0x000001d657890980 Thread added: 0x000001d657890980
Event: 5285.386 Thread 0x000001d6578916a0 Thread added: 0x000001d6578916a0
Event: 5285.386 Thread 0x000001d657894490 Thread added: 0x000001d657894490
Event: 5285.386 Thread 0x000001d65788e220 Thread added: 0x000001d65788e220
Event: 5285.644 Thread 0x000001d657891d30 Thread added: 0x000001d657891d30
Event: 5285.653 Thread 0x000001d657895840 Thread added: 0x000001d657895840
Event: 5285.654 Thread 0x000001d6578930e0 Thread added: 0x000001d6578930e0
Event: 5285.654 Thread 0x000001d658a28950 Thread added: 0x000001d658a28950
Event: 5285.657 Thread 0x000001d658a2b740 Thread added: 0x000001d658a2b740


Dynamic libraries:
0x00007ff738910000 - 0x00007ff73891e000 	C:\Users\DELL\.jdks\corretto-21\bin\java.exe
0x00007ff845730000 - 0x00007ff845928000 	C:\Windows\SYSTEM32\ntdll.dll
0x00007ff845630000 - 0x00007ff8456ed000 	C:\Windows\System32\KERNEL32.DLL
0x00007ff8434c0000 - 0x00007ff84378e000 	C:\Windows\System32\KERNELBASE.dll
0x00007ff843110000 - 0x00007ff843210000 	C:\Windows\System32\ucrtbase.dll
0x00007ff8270e0000 - 0x00007ff8270f8000 	C:\Users\DELL\.jdks\corretto-21\bin\jli.dll
0x00007ff844030000 - 0x00007ff8441d0000 	C:\Windows\System32\USER32.dll
0x00007ff843020000 - 0x00007ff843042000 	C:\Windows\System32\win32u.dll
0x00007ff845340000 - 0x00007ff84536a000 	C:\Windows\System32\GDI32.dll
0x00007ff842f10000 - 0x00007ff84301b000 	C:\Windows\System32\gdi32full.dll
0x00007ff8432c0000 - 0x00007ff84335d000 	C:\Windows\System32\msvcp_win.dll
0x00007ff83cc40000 - 0x00007ff83cc5b000 	C:\Users\DELL\.jdks\corretto-21\bin\VCRUNTIME140.dll
0x00007ff8332f0000 - 0x00007ff83358a000 	C:\Windows\WinSxS\amd64_microsoft.windows.common-controls_6595b64144ccf1df_6.0.19041.1110_none_60b5254171f9507e\COMCTL32.dll
0x00007ff845520000 - 0x00007ff8455be000 	C:\Windows\System32\msvcrt.dll
0x00007ff845290000 - 0x00007ff8452c0000 	C:\Windows\System32\IMM32.DLL
0x00007ff83ffc0000 - 0x00007ff83ffcc000 	C:\Users\DELL\.jdks\corretto-21\bin\vcruntime140_1.dll
0x00007ff823d50000 - 0x00007ff823ddd000 	C:\Users\DELL\.jdks\corretto-21\bin\msvcp140.dll
0x00007ffff9120000 - 0x00007ffff9eac000 	C:\Users\DELL\.jdks\corretto-21\bin\server\jvm.dll
0x00007ff844830000 - 0x00007ff8448de000 	C:\Windows\System32\ADVAPI32.dll
0x00007ff844a20000 - 0x00007ff844abc000 	C:\Windows\System32\sechost.dll
0x00007ff843f00000 - 0x00007ff844025000 	C:\Windows\System32\RPCRT4.dll
0x00007ff8449b0000 - 0x00007ff844a1b000 	C:\Windows\System32\WS2_32.dll
0x00007ff8423d0000 - 0x00007ff84241b000 	C:\Windows\SYSTEM32\POWRPROF.dll
0x00007ff831130000 - 0x00007ff831157000 	C:\Windows\SYSTEM32\WINMM.dll
0x00007ff83aba0000 - 0x00007ff83abaa000 	C:\Windows\SYSTEM32\VERSION.dll
0x00007ff842290000 - 0x00007ff8422a2000 	C:\Windows\SYSTEM32\UMPDC.dll
0x00007ff8416d0000 - 0x00007ff8416e2000 	C:\Windows\SYSTEM32\kernel.appcore.dll
0x00007ff83e1a0000 - 0x00007ff83e1aa000 	C:\Users\DELL\.jdks\corretto-21\bin\jimage.dll
0x00007ff8413e0000 - 0x00007ff8415c4000 	C:\Windows\SYSTEM32\DBGHELP.DLL
0x00007ff82e250000 - 0x00007ff82e27c000 	C:\Windows\SYSTEM32\dbgcore.DLL
0x00007ff843080000 - 0x00007ff843102000 	C:\Windows\System32\bcryptPrimitives.dll
0x00007ff83cf10000 - 0x00007ff83cf1e000 	C:\Users\DELL\.jdks\corretto-21\bin\instrument.dll
0x00007ff83cc90000 - 0x00007ff83ccaf000 	C:\Users\DELL\.jdks\corretto-21\bin\java.dll
0x00007ff843790000 - 0x00007ff843ed3000 	C:\Windows\System32\SHELL32.dll
0x00007ff840b70000 - 0x00007ff841305000 	C:\Windows\SYSTEM32\windows.storage.dll
0x00007ff844ed0000 - 0x00007ff845224000 	C:\Windows\System32\combase.dll
0x00007ff8428b0000 - 0x00007ff8428e0000 	C:\Windows\SYSTEM32\Wldp.dll
0x00007ff844ce0000 - 0x00007ff844d8d000 	C:\Windows\System32\SHCORE.dll
0x00007ff845230000 - 0x00007ff845285000 	C:\Windows\System32\shlwapi.dll
0x00007ff842d90000 - 0x00007ff842daf000 	C:\Windows\SYSTEM32\profapi.dll
0x00007ff81c490000 - 0x00007ff81c567000 	C:\Users\DELL\.jdks\corretto-21\bin\jsvml.dll
0x00007ff8238b0000 - 0x00007ff8238c8000 	C:\Users\DELL\.jdks\corretto-21\bin\zip.dll
0x00007ff831a00000 - 0x00007ff831a10000 	C:\Users\DELL\.jdks\corretto-21\bin\net.dll
0x00007ff833f10000 - 0x00007ff83401a000 	C:\Windows\SYSTEM32\WINHTTP.dll
0x00007ff842610000 - 0x00007ff84267a000 	C:\Windows\system32\mswsock.dll
0x00007ff8238d0000 - 0x00007ff8238e6000 	C:\Users\DELL\.jdks\corretto-21\bin\nio.dll
0x00007ff82fc10000 - 0x00007ff82fc20000 	C:\Users\DELL\.jdks\corretto-21\bin\verify.dll
0x00007ff83cc10000 - 0x00007ff83cc37000 	C:\Users\DELL\.gradle\native\c067742578af261105cb4f569cf0c3c89f3d7b1fecec35dd04571415982c5e48\windows-amd64\native-platform.dll
0x00007ff830a90000 - 0x00007ff830bd4000 	C:\Users\DELL\.gradle\native\38dada09dfb8b06ba9b0570ebf7e218e3eb74d4ef43ca46872605cf95ebc2f47\windows-amd64\native-platform-file-events.dll
0x00007ff83ccb0000 - 0x00007ff83ccb9000 	C:\Users\DELL\.jdks\corretto-21\bin\management.dll
0x00007ff83cc00000 - 0x00007ff83cc0b000 	C:\Users\DELL\.jdks\corretto-21\bin\management_ext.dll
0x00007ff844700000 - 0x00007ff844708000 	C:\Windows\System32\PSAPI.DLL
0x00007ff842800000 - 0x00007ff842818000 	C:\Windows\SYSTEM32\CRYPTSP.dll
0x00007ff841f20000 - 0x00007ff841f54000 	C:\Windows\system32\rsaenh.dll
0x00007ff843050000 - 0x00007ff843077000 	C:\Windows\System32\bcrypt.dll
0x00007ff842d10000 - 0x00007ff842d3e000 	C:\Windows\SYSTEM32\USERENV.dll
0x00007ff842820000 - 0x00007ff84282c000 	C:\Windows\SYSTEM32\CRYPTBASE.dll
0x00007ff8422b0000 - 0x00007ff8422eb000 	C:\Windows\SYSTEM32\IPHLPAPI.DLL
0x00007ff8441d0000 - 0x00007ff8441d8000 	C:\Windows\System32\NSI.dll
0x00007ff831700000 - 0x00007ff831707000 	C:\Users\DELL\.jdks\corretto-21\bin\extnet.dll
0x00007ff83cbf0000 - 0x00007ff83cbfe000 	C:\Users\DELL\.jdks\corretto-21\bin\sunmscapi.dll
0x00007ff843360000 - 0x00007ff8434b6000 	C:\Windows\System32\CRYPT32.dll
0x00007ff842920000 - 0x00007ff842947000 	C:\Windows\SYSTEM32\ncrypt.dll
0x00007ff8428e0000 - 0x00007ff84291b000 	C:\Windows\SYSTEM32\NTASN1.dll
0x00007ff831b30000 - 0x00007ff831b37000 	C:\Windows\system32\wshunix.dll

dbghelp: loaded successfully - version: 4.0.5 - missing functions: none
symbol engine: initialized successfully - sym options: 0x614 - pdb path: .;C:\Users\DELL\.jdks\corretto-21\bin;C:\Windows\SYSTEM32;C:\Windows\WinSxS\amd64_microsoft.windows.common-controls_6595b64144ccf1df_6.0.19041.1110_none_60b5254171f9507e;C:\Users\DELL\.jdks\corretto-21\bin\server;C:\Users\DELL\.gradle\native\c067742578af261105cb4f569cf0c3c89f3d7b1fecec35dd04571415982c5e48\windows-amd64;C:\Users\DELL\.gradle\native\38dada09dfb8b06ba9b0570ebf7e218e3eb74d4ef43ca46872605cf95ebc2f47\windows-amd64

VM Arguments:
jvm_args: --add-opens=java.base/java.util=ALL-UNNAMED --add-opens=java.base/java.lang=ALL-UNNAMED --add-opens=java.base/java.lang.invoke=ALL-UNNAMED --add-opens=java.prefs/java.util.prefs=ALL-UNNAMED --add-opens=java.base/java.nio.charset=ALL-UNNAMED --add-opens=java.base/java.net=ALL-UNNAMED --add-opens=java.base/java.util.concurrent.atomic=ALL-UNNAMED -XX:MaxMetaspaceSize=384m -XX:+HeapDumpOnOutOfMemoryError -Xms256m -Xmx512m -Dfile.encoding=windows-1252 -Duser.country=US -Duser.language=en -Duser.variant -javaagent:C:\Users\DELL\.gradle\wrapper\dists\gradle-8.5-bin\5t9huq95ubn472n8rpzujfbqh\gradle-8.5\lib\agents\gradle-instrumentation-agent-8.5.jar 
java_command: org.gradle.launcher.daemon.bootstrap.GradleDaemon 8.5
java_class_path (initial): C:\Users\DELL\.gradle\wrapper\dists\gradle-8.5-bin\5t9huq95ubn472n8rpzujfbqh\gradle-8.5\lib\gradle-launcher-8.5.jar
Launcher Type: SUN_STANDARD

[Global flags]
     intx CICompilerCount                          = 3                                         {product} {ergonomic}
   size_t CompressedClassSpaceSize                 = 335544320                                 {product} {ergonomic}
     uint ConcGCThreads                            = 1                                         {product} {ergonomic}
     uint G1ConcRefinementThreads                  = 4                                         {product} {ergonomic}
   size_t G1HeapRegionSize                         = 1048576                                   {product} {ergonomic}
    uintx GCDrainStackTargetSize                   = 64                                        {product} {ergonomic}
     bool HeapDumpOnOutOfMemoryError               = true                                   {manageable} {command line}
   size_t InitialHeapSize                          = 268435456                                 {product} {command line}
   size_t MarkStackSize                            = 4194304                                   {product} {ergonomic}
   size_t MaxHeapSize                              = 536870912                                 {product} {command line}
   size_t MaxMetaspaceSize                         = 402653184                                 {product} {command line}
   size_t MaxNewSize                               = 321912832                                 {product} {ergonomic}
   size_t MinHeapDeltaBytes                        = 1048576                                   {product} {ergonomic}
   size_t MinHeapSize                              = 268435456                                 {product} {command line}
    uintx NonNMethodCodeHeapSize                   = 5832780                                {pd product} {ergonomic}
    uintx NonProfiledCodeHeapSize                  = 122912730                              {pd product} {ergonomic}
    uintx ProfiledCodeHeapSize                     = 122912730                              {pd product} {ergonomic}
    uintx ReservedCodeCacheSize                    = 251658240                              {pd product} {ergonomic}
     bool SegmentedCodeCache                       = true                                      {product} {ergonomic}
   size_t SoftMaxHeapSize                          = 536870912                              {manageable} {ergonomic}
     bool UseCompressedOops                        = true                           {product lp64_product} {ergonomic}
     bool UseG1GC                                  = true                                      {product} {ergonomic}
     bool UseLargePagesIndividualAllocation        = false                                  {pd product} {ergonomic}

Logging:
Log output configuration:
 #0: stdout all=warning uptime,level,tags foldmultilines=false
 #1: stderr all=off uptime,level,tags foldmultilines=false

Environment Variables:
PATH=C:\Program Files (x86)\Common Files\Oracle\Java\javapath;C:\Windows\system32;C:\Windows;C:\Windows\System32\Wbem;C:\Windows\System32\WindowsPowerShell\v1.0\;C:\Windows\System32\OpenSSH\;C:\Program Files\Git\cmd;C:\Program Files\nodejs\;C:\Program Files\MySQL\MySQL Shell 8.0\bin\;C:\Users\DELL\AppData\Local\Microsoft\WindowsApps;C:\Users\DELL\AppData\Roaming\npm;C:\Users\DELL\AppData\Local\Programs\Microsoft VS Code\bin
USERNAME=DELL
OS=Windows_NT
PROCESSOR_IDENTIFIER=Intel64 Family 6 Model 61 Stepping 4, GenuineIntel
TMP=C:\Users\DELL\AppData\Local\Temp
TEMP=C:\Users\DELL\AppData\Local\Temp




---------------  S Y S T E M  ---------------

OS:
 Windows 10 , 64 bit Build 19041 (10.0.19041.1889)
OS uptime: 1 days 19:55 hours

CPU: total 4 (initial active 4) (2 cores per cpu, 2 threads per core) family 6 model 61 stepping 4 microcode 0x2d, cx8, cmov, fxsr, ht, mmx, 3dnowpref, sse, sse2, sse3, ssse3, sse4.1, sse4.2, popcnt, lzcnt, tsc, tscinvbit, avx, avx2, aes, erms, clmul, bmi1, bmi2, rtm, adx, fma, vzeroupper, clflush, rdtscp, f16c
Processor Information for all 4 processors :
  Max Mhz: 2301, Current Mhz: 2301, Mhz Limit: 2301

Memory: 4k page, system-wide physical 8071M (323M free)
TotalPageFile size 24116M (AvailPageFile size 0M)
current process WorkingSet (physical memory assigned to process): 456M, peak: 500M
current process commit charge ("private bytes"): 573M, peak: 604M

vm_info: OpenJDK 64-Bit Server VM (21+35-LTS) for windows-amd64 JRE (21+35-LTS), built on 2023-08-24T04:17:31Z by "Administrator" with MS VC++ 16.10 / 16.11 (VS2019)

END.
